<?xml version="1.0" encoding="UTF-8"?>
<!-- Generated by org.testng.reporters.JUnitXMLReporter -->
<testsuite hostname="Mediware-MSL1" ignored="0" name="Regression Test" tests="6" failures="2" timestamp="06 Nov 2019 08:28:48 GMT" time="7.009" errors="0">
  <testcase name="postCallMethod" time="2.34" classname="org.restapi.test.PostAPITest"/>
  <testcase name="putCallTest" time="0.813" classname="org.restapi.test.PutAPITest"/>
  <testcase name="getCallTestWithHeader" time="1.13" classname="org.restapi.test.GetAPITest">
    <failure type="org.json.JSONException" message="A JSONObject text must begin with &amp;apos;{&amp;apos; at 1 [character 2 line 1]">
      <![CDATA[org.json.JSONException: A JSONObject text must begin with '{' at 1 [character 2 line 1]
	at org.json.JSONTokener.syntaxError(JSONTokener.java:433)
	at org.json.JSONObject.<init>(JSONObject.java:195)
	at org.json.JSONObject.<init>(JSONObject.java:319)
	at org.restapi.test.GetAPITest.getCallTestWithHeader(GetAPITest.java:93)
... Removed 28 stack frames]]>
    </failure>
  </testcase> <!-- getCallTestWithHeader -->
  <testcase name="getCallTestWithoutHeader" time="1.044" classname="org.restapi.test.GetAPITest">
    <failure type="org.json.JSONException" message="A JSONObject text must begin with &amp;apos;{&amp;apos; at 1 [character 2 line 1]">
      <![CDATA[org.json.JSONException: A JSONObject text must begin with '{' at 1 [character 2 line 1]
	at org.json.JSONTokener.syntaxError(JSONTokener.java:433)
	at org.json.JSONObject.<init>(JSONObject.java:195)
	at org.json.JSONObject.<init>(JSONObject.java:319)
	at org.restapi.test.GetAPITest.getCallTestWithoutHeader(GetAPITest.java:58)
... Removed 28 stack frames]]>
    </failure>
  </testcase> <!-- getCallTestWithoutHeader -->
  <testcase name="deleteCall" time="0.778" classname="org.restapi.test.DeleteAPITest"/>
  <testcase name="deleteCallWithHeader" time="0.825" classname="org.restapi.test.DeleteAPITest"/>
</testsuite> <!-- Regression Test -->
