<?xml version="1.0" encoding="UTF-8"?>
<testsuite name="TestSuite" time="7.516" tests="6" errors="0" skipped="0" failures="2">
  <properties>
[...]
</properties>
  <testcase name="postCallMethod" classname="org.restapi.test.PostAPITest" time="2.247"/>
  <testcase name="putCallTest" classname="org.restapi.test.PutAPITest" time="0.845"/>
  <testcase name="getCallTestWithHeader" classname="org.restapi.test.GetAPITest" time="1.427">
    <failure message="A JSONObject text must begin with &apos;{&apos; at 1 [character 2 line 1]" type="org.json.JSONException"><![CDATA[org.json.JSONException: A JSONObject text must begin with '{' at 1 [character 2 line 1]
	at org.json.JSONTokener.syntaxError(JSONTokener.java:433)
	at org.json.JSONObject.<init>(JSONObject.java:195)
	at org.json.JSONObject.<init>(JSONObject.java:319)
	at org.restapi.test.GetAPITest.getCallTestWithHeader(GetAPITest.java:93)
]]></failure>
    <system-out><![CDATA[URI is http://dummy.restapiexample.com/api/v1/employees
response string[{"id":"33272","employee_name":"Raj","employee_salary":"234567","employee_age":"23","profile_image":""},{"id":"34559","employee_name":"shivu","employee_salary":"10000","employee_age":"33","profile_image":""},{"id":"34561","employee_name":"Calvin","employee_salary":"231","employee_age":"52","profile_image":""},{"id":"34562","employee_name":"Franklin","employee_salary":"438","employee_age":"63","profile_image":""},{"id":"34563","employee_name":"kaushal","employee_salary":"100000","employee_age":"33","profile_image":""},{"id":"34661","employee_name":"John","employee_salary":"996","employee_age":"22","profile_image":""},{"id":"34663","employee_name":"Benjamin","employee_salary":"903","employee_age":"30","profile_image":""},{"id":"34666","employee_name":"karthi","employee_salary":"50000","employee_age":"21","profile_image":""},{"id":"34782","employee_name":"Johng","employee_salary":"49653","employee_age":"94","profile_image":""},{"id":"34793","employee_name":"Ulysses","employee_salary":"960","employee_age":"33","profile_image":""},{"id":"34794","employee_name":"Thomas","employee_salary":"450","employee_age":"52","profile_image":""},{"id":"34796","employee_name":"Lyndon","employee_salary":"456","employee_age":"41","profile_image":""},{"id":"34845","employee_name":"John123","employee_salary":"123","employee_age":"23","profile_image":""},{"id":"34890","employee_name":"QTNov0120190007","employee_salary":"12345","employee_age":"30","profile_image":""},{"id":"35553","employee_name":"Tina","employee_salary":"123","employee_age":"23","profile_image":""},{"id":"35565","employee_name":"eeeeee","employee_salary":"123","employee_age":"23","profile_image":""},{"id":"35672","employee_name":"asdasd","employee_salary":"123123","employee_age":"4124124","profile_image":""},{"id":"35676","employee_name":"asdads","employee_salary":"23413","employee_age":"13123","profile_image":""},{"id":"35711","employee_name":"dasds","employee_salary":"123123","employee_age":"123123","profile_image":""},{"id":"35787","employee_name":"dasd","employee_salary":"123123","employee_age":"312321","profile_image":""},{"id":"37041","employee_name":"twro","employee_salary":"2000","employee_age":"22","profile_image":""},{"id":"37042","employee_name":"threeee","employee_salary":"3000","employee_age":"33","profile_image":""},{"id":"37085","employee_name":"deepak sharma","employee_salary":"0","employee_age":"31","profile_image":""},{"id":"37125","employee_name":"deepak9927459866","employee_salary":"0","employee_age":"31","profile_image":""},{"id":"37358","employee_name":"deepak2919","employee_salary":"0","employee_age":"31","profile_image":""},{"id":"37392","employee_name":"t_20191101_0924","employee_salary":"123","employee_age":"23","profile_image":""},{"id":"37462","employee_name":"test2919","employee_salary":"0","employee_age":"31","profile_image":""},{"id":"37521","employee_name":"teta","employee_salary":"0","employee_age":"0","profile_image":""},{"id":"38326","employee_name":"Teo Ze Xiang","employee_salary":"1000","employee_age":"21","profile_image":""},{"id":"38364","employee_name":"Chandan","employee_salary":"1000000000","employee_age":"10000","profile_image":""},{"id":"38375","employee_name":"Robert1","employee_salary":"45000","employee_age":"45","profile_image":""},{"id":"38421","employee_name":"Robert2","employee_salary":"45000","employee_age":"45","profile_image":""},{"id":"38438","employee_name":"Robert3","employee_salary":"45000","employee_age":"45","profile_image":""},{"id":"38568","employee_name":"Robert4","employee_salary":"45000","employee_age":"45","profile_image":""},{"id":"39244","employee_name":"t22es3t","employee_salary":"123","employee_age":"222223","profile_image":""},{"id":"39480","employee_name":"1234name","employee_salary":"99999","employee_age":"27","profile_image":""},{"id":"39673","employee_name":"testes","employee_salary":"123","employee_age":"222223","profile_image":""},{"id":"39782","employee_name":"mahesh","employee_salary":"2000","employee_age":"30","profile_image":""},{"id":"39832","employee_name":"elchapor","employee_salary":"123","employee_age":"23","profile_image":""},{"id":"39928","employee_name":"1234567name","employee_salary":"99999","employee_age":"27","profile_image":""},{"id":"40178","employee_name":"someName1","employee_salary":"1000","employee_age":"21","profile_image":""},{"id":"40179","employee_name":"someName2","employee_salary":"2000","employee_age":"22","profile_image":""},{"id":"40180","employee_name":"Harsh","employee_salary":"10000","employee_age":"22","profile_image":""},{"id":"40181","employee_name":"someName4","employee_salary":"4000","employee_age":"24","profile_image":""},{"id":"40182","employee_name":"someName5","employee_salary":"5000","employee_age":"25","profile_image":""},{"id":"40183","employee_name":"someName6","employee_salary":"6000","employee_age":"26","profile_image":""},{"id":"40184","employee_name":"someName7","employee_salary":"7000","employee_age":"27","profile_image":""},{"id":"40185","employee_name":"someName8","employee_salary":"8000","employee_age":"28","profile_image":""},{"id":"40188","employee_name":"someName9","employee_salary":"9000","employee_age":"29","profile_image":""},{"id":"40190","employee_name":"someName10","employee_salary":"10000","employee_age":"30","profile_image":""},{"id":"40596","employee_name":"vivek","employee_salary":"34","employee_age":"34","profile_image":""},{"id":"40688","employee_name":"diksha","employee_salary":"1234","employee_age":"24","profile_image":""},{"id":"41013","employee_name":"Employee-EZJeW","employee_salary":"1234","employee_age":"23","profile_image":""},{"id":"41249","employee_name":"TESTNOV1","employee_salary":"1123","employee_age":"23","profile_image":""},{"id":"41310","employee_name":"TESTNOV2","employee_salary":"1123","employee_age":"23","profile_image":""},{"id":"41323","employee_name":"TESTNOV3","employee_salary":"1123","employee_age":"23","profile_image":""},{"id":"41368","employee_name":"testing from ngx","employee_salary":"123","employee_age":"23","profile_image":""},{"id":"41391","employee_name":"Employee-NlURp","employee_salary":"1234","employee_age":"23","profile_image":""},{"id":"41401","employee_name":"Employee-gDkFZ","employee_salary":"1234","employee_age":"23","profile_image":""},{"id":"41761","employee_name":"testfdss","employee_salary":"123","employee_age":"23","profile_image":""},{"id":"41884","employee_name":"neeruAPI","employee_salary":"15000","employee_age":"21","profile_image":""},{"id":"42847","employee_name":"z","employee_salary":"34","employee_age":"23","profile_image":""},{"id":"42864","employee_name":"zz","employee_salary":"45999","employee_age":"23","profile_image":""},{"id":"43277","employee_name":"test1572594125279","employee_salary":"567","employee_age":"45","profile_image":""},{"id":"43638","employee_name":"T82xfn6oe4","employee_salary":"100","employee_age":"20","profile_image":""},{"id":"43639","employee_name":"Mtoer3xdtt","employee_salary":"100","employee_age":"20","profile_image":""},{"id":"43640","employee_name":"Uqulust1j9","employee_salary":"200","employee_age":"21","profile_image":""},{"id":"43642","employee_name":"Q3dxduip0g","employee_salary":"100","employee_age":"20","profile_image":""},{"id":"43671","employee_name":"samay dcc8968e-f3aa-47d2-8b35-449ca496819e ","employee_salary":"123","employee_age":"33","profile_image":""},{"id":"44719","employee_name":"sample1234","employee_salary":"123","employee_age":"23","profile_image":""},{"id":"44724","employee_name":"rian x","employee_salary":"1","employee_age":"1","profile_image":""},{"id":"44753","employee_name":"Hilde Kozey III-1572602555","employee_salary":"2022","employee_age":"30","profile_image":""},{"id":"44754","employee_name":"Ms. Iva Collier-1572602561","employee_salary":"1873","employee_age":"31","profile_image":""},{"id":"44825","employee_name":"Sheryll Durgan-1572602784","employee_salary":"3358","employee_age":"27","profile_image":""},{"id":"44827","employee_name":"Dewey Stracke-1572602790","employee_salary":"2022","employee_age":"19","profile_image":""},{"id":"44858","employee_name":"Kit Barrows-1572602883","employee_salary":"1508","employee_age":"34","profile_image":""},{"id":"44861","employee_name":"Autumn O'Reilly-1572602889","employee_salary":"3421","employee_age":"37","profile_image":""},{"id":"44902","employee_name":"Mrs. Vannesa Gislason-1572603017","employee_salary":"2627","employee_age":"20","profile_image":""},{"id":"44903","employee_name":"Graciela Kilback-1572603023","employee_salary":"2195","employee_age":"22","profile_image":""},{"id":"44930","employee_name":"samay 07e0af31-bcd6-412b-862a-04b520043112 ","employee_salary":"123","employee_age":"33","profile_image":""},{"id":"45045","employee_name":"Jorge Murphy-1572603474","employee_salary":"3231","employee_age":"29","profile_image":""},{"id":"45046","employee_name":"Meri Morissette-1572603479","employee_salary":"2008","employee_age":"21","profile_image":""},{"id":"45105","employee_name":"Wilbur Rau-1572603666","employee_salary":"2418","employee_age":"23","profile_image":""},{"id":"45106","employee_name":"Christopher Armstrong-1572603672","employee_salary":"1852","employee_age":"19","profile_image":""},{"id":"45156","employee_name":"sadasd","employee_salary":"123123","employee_age":"12312312","profile_image":""},{"id":"45161","employee_name":"employee rian","employee_salary":"12000","employee_age":"29","profile_image":""},{"id":"45167","employee_name":"wqedasd","employee_salary":"123123","employee_age":"123123","profile_image":""},{"id":"45239","employee_name":"Christel Mayert Jr.-1572604079","employee_salary":"3222","employee_age":"24","profile_image":""},{"id":"45240","employee_name":"Floy Reichert-1572604084","employee_salary":"1768","employee_age":"30","profile_image":""},{"id":"45266","employee_name":"Stanford Schaefer-1572604159","employee_salary":"2146","employee_age":"19","profile_image":""},{"id":"45267","employee_name":"Leighann Bergnaum-1572604164","employee_salary":"2265","employee_age":"38","profile_image":""},{"id":"45322","employee_name":"Albertina Herman-1572604327","employee_salary":"1978","employee_age":"32","profile_image":""},{"id":"45323","employee_name":"Karl Wilkinson-1572604333","employee_salary":"3010","employee_age":"31","profile_image":""},{"id":"45346","employee_name":"Lorina Watsica-1572604403","employee_salary":"2749","employee_age":"28","profile_image":""},{"id":"45349","employee_name":"aigiriyO","employee_salary":"154653","employee_age":"89","profile_image":""},{"id":"45377","employee_name":"Chanel Leannon-1572604490","employee_salary":"2279","employee_age":"38","profile_image":""},{"id":"45378","employee_name":"Miss Jean Dach-1572604495","employee_salary":"3126","employee_age":"27","profile_image":""},{"id":"45399","employee_name":"Karan Krajcik MD-1572604551","employee_salary":"1823","employee_age":"36","profile_image":""},{"id":"45400","employee_name":"Olga Goldner-1572604557","employee_salary":"2217","employee_age":"29","profile_image":""},{"id":"45477","employee_name":"Adrienne Maggio-1572604790","employee_salary":"2464","employee_age":"28","profile_image":""},{"id":"45478","employee_name":"Shondra Simonis-1572604795","employee_salary":"2687","employee_age":"39","profile_image":""},{"id":"45494","employee_name":"Ms. Jimmie Kemmer-1572604834","employee_salary":"2998","employee_age":"37","profile_image":""},{"id":"45496","employee_name":"Mr. Donny Pacocha-1572604839","employee_salary":"3280","employee_age":"23","profile_image":""},{"id":"45516","employee_name":"Lawrence Fay-1572604903","employee_salary":"2677","employee_age":"40","profile_image":""},{"id":"45519","employee_name":"Cecil Mueller-1572604908","employee_salary":"2333","employee_age":"42","profile_image":""},{"id":"45534","employee_name":"Warner Hyatt-1572604953","employee_salary":"2205","employee_age":"27","profile_image":""},{"id":"45535","employee_name":"Jim Hermann Sr.-1572604957","employee_salary":"1652","employee_age":"23","profile_image":""},{"id":"45552","employee_name":"Kari Zieme-1572605000","employee_salary":"1538","employee_age":"37","profile_image":""},{"id":"45553","employee_name":"Shirley Quitzon-1572605005","employee_salary":"2720","employee_age":"31","profile_image":""},{"id":"45595","employee_name":"yyyy","employee_salary":"344","employee_age":"34","profile_image":""},{"id":"45642","employee_name":"Mr. Elsie Durgan-1572605274","employee_salary":"2141","employee_age":"26","profile_image":""},{"id":"45643","employee_name":"Ms. Homer Walter-1572605279","employee_salary":"2390","employee_age":"23","profile_image":""},{"id":"45659","employee_name":"deep","employee_salary":"123","employee_age":"23","profile_image":""},{"id":"45678","employee_name":"Mrs. Harvey Senger-1572605380","employee_salary":"2901","employee_age":"37","profile_image":""},{"id":"45679","employee_name":"Jani Wolf-1572605385","employee_salary":"2663","employee_age":"24","profile_image":""},{"id":"45723","employee_name":"TESTNOV4","employee_salary":"1123","employee_age":"23","profile_image":""},{"id":"45760","employee_name":"tes1","employee_salary":"1234","employee_age":"20","profile_image":""},{"id":"45767","employee_name":"ss","employee_salary":"33","employee_age":"33","profile_image":""},{"id":"45772","employee_name":"test1234567","employee_salary":"1234","employee_age":"21","profile_image":""},{"id":"45776","employee_name":"xxx","employee_salary":"33","employee_age":"33","profile_image":""},{"id":"45777","employee_name":"Ms. Lashon Bartoletti-1572605679","employee_salary":"2153","employee_age":"31","profile_image":""},{"id":"45778","employee_name":"Derrick Lemke IV-1572605684","employee_salary":"2341","employee_age":"29","profile_image":""},{"id":"45952","employee_name":"samay 838b1617-59bd-43b3-96ed-ed7a6144693c ","employee_salary":"123","employee_age":"33","profile_image":""},{"id":"45972","employee_name":"amritpal","employee_salary":"45","employee_age":"35","profile_image":""},{"id":"46087","employee_name":"dsdasdsadsadsa","employee_salary":"120000","employee_age":"12","profile_image":""},{"id":"46094","employee_name":"aaaa","employee_salary":"13123123","employee_age":"123123","profile_image":""},{"id":"46130","employee_name":"cvam","employee_salary":"120000","employee_age":"12","profile_image":""},{"id":"46138","employee_name":"deep1","employee_salary":"123","employee_age":"23","profile_image":""},{"id":"46258","employee_name":"praveen","employee_salary":"60000","employee_age":"100","profile_image":""},{"id":"46361","employee_name":"lurge","employee_salary":"2345454","employee_age":"34","profile_image":""},{"id":"46371","employee_name":"Manish","employee_salary":"10000","employee_age":"25","profile_image":""},{"id":"46390","employee_name":"TESTNOV5","employee_salary":"1123","employee_age":"23","profile_image":""},{"id":"46531","employee_name":"Lupin12345","employee_salary":"1000000","employee_age":"4443","profile_image":""},{"id":"46768","employee_name":"arun4563dfDF","employee_salary":"12523653","employee_age":"2","profile_image":""},{"id":"46907","employee_name":"ardfDF","employee_salary":"13","employee_age":"2","profile_image":""},{"id":"47023","employee_name":"Manish123","employee_salary":"10000","employee_age":"25","profile_image":""},{"id":"47085","employee_name":"asdasd123123","employee_salary":"123","employee_age":"23","profile_image":""},{"id":"47101","employee_name":"Manish01\/11\/19 16:35:47","employee_salary":"10000","employee_age":"25","profile_image":""},{"id":"47104","employee_name":"Manish01\/11\/19 16:35:56","employee_salary":"10000","employee_age":"25","profile_image":""},{"id":"47111","employee_name":"Manish01\/11\/19 16:36:13","employee_salary":"10000","employee_age":"25","profile_image":""},{"id":"47168","employee_name":"Manish01\/11\/19 16:39:35","employee_salary":"10000","employee_age":"25","profile_image":""},{"id":"47178","employee_name":"Manish01\/11\/19 16:40:01","employee_salary":"10000","employee_age":"25","profile_image":""},{"id":"47211","employee_name":"rty","employee_salary":"56","employee_age":"0","profile_image":""},{"id":"47303","employee_name":"jj","employee_salary":"123","employee_age":"23","profile_image":""},{"id":"47361","employee_name":"demel","employee_salary":"34000","employee_age":"25","profile_image":""},{"id":"47362","employee_name":"Manish01\/11\/19 16:50:00","employee_salary":"10000","employee_age":"25","profile_image":""},{"id":"47394","employee_name":"Smith","employee_salary":"40000","employee_age":"40","profile_image":""},{"id":"47575","employee_name":"Mimi Klein-1572611496","employee_salary":"1577","employee_age":"25","profile_image":""},{"id":"47576","employee_name":"Carroll Wehner Jr.-1572611501","employee_salary":"3410","employee_age":"40","profile_image":""},{"id":"47660","employee_name":"Jackelyn Spinka V-1572611768","employee_salary":"3460","employee_age":"37","profile_image":""},{"id":"47661","employee_name":"Mattie Crona-1572611773","employee_salary":"2076","employee_age":"28","profile_image":""},{"id":"47703","employee_name":"AGuru","employee_salary":"123","employee_age":"23","profile_image":""},{"id":"47723","employee_name":"sucka","employee_salary":"123","employee_age":"23","profile_image":""},{"id":"47739","employee_name":"david","employee_salary":"40000","employee_age":"40","profile_image":""},{"id":"47741","employee_name":"eater","employee_salary":"123","employee_age":"23","profile_image":""},{"id":"47747","employee_name":"saasd","employee_salary":"123","employee_age":"4124","profile_image":""},{"id":"47751","employee_name":"asdasdas","employee_salary":"1233","employee_age":"1231","profile_image":""},{"id":"47784","employee_name":"Anoop","employee_salary":"50000","employee_age":"40","profile_image":""},{"id":"47832","employee_name":"mykid1","employee_salary":"777","employee_age":"23","profile_image":""},{"id":"47839","employee_name":"AnoopPanda","employee_salary":"50000","employee_age":"40","profile_image":""},{"id":"47875","employee_name":"BobBooks","employee_salary":"5000","employee_age":"45","profile_image":""},{"id":"47898","employee_name":"empName","employee_salary":"0","employee_age":"0","profile_image":""},{"id":"48097","employee_name":"Anastasiia Chertkova","employee_salary":"5000","employee_age":"26","profile_image":""},{"id":"48129","employee_name":"test122","employee_salary":"123","employee_age":"23","profile_image":""},{"id":"48140","employee_name":"test1222","employee_salary":"123","employee_age":"23","profile_image":""},{"id":"48150","employee_name":"QTNov0120191201","employee_salary":"12345","employee_age":"30","profile_image":""},{"id":"48151","employee_name":"SampleAPItest","employee_salary":"12345","employee_age":"30","profile_image":""},{"id":"48167","employee_name":"test12222","employee_salary":"123","employee_age":"23","profile_image":""},{"id":"48190","employee_name":"test1sfsff2222","employee_salary":"0","employee_age":"0","profile_image":""},{"id":"48223","employee_name":"new_name_for_post","employee_salary":"1000000","employee_age":"25","profile_image":""},{"id":"48242","employee_name":"test1234","employee_salary":"123","employee_age":"23","profile_image":""},{"id":"48244","employee_name":"bbbbb","employee_salary":"2000","employee_age":"200","profile_image":""},{"id":"48245","employee_name":"ccccc","employee_salary":"3000","employee_age":"300","profile_image":""},{"id":"48255","employee_name":"ddddd","employee_salary":"1000","employee_age":"100","profile_image":""},{"id":"48268","employee_name":"eeeee","employee_salary":"2000","employee_age":"200","profile_image":""},{"id":"48270","employee_name":"testprasad","employee_salary":"1","employee_age":"34","profile_image":""},{"id":"48272","employee_name":"fffff","employee_salary":"3000","employee_age":"300","profile_image":""},{"id":"48285","employee_name":"pallavi","employee_salary":"1000","employee_age":"100","profile_image":""},{"id":"48286","employee_name":"reddy","employee_salary":"2000","employee_age":"200","profile_image":""},{"id":"48287","employee_name":"andem","employee_salary":"3000","employee_age":"300","profile_image":""},{"id":"48336","employee_name":"test2323","employee_salary":"123","employee_age":"23","profile_image":""},{"id":"48385","employee_name":"test1234t","employee_salary":"123","employee_age":"23","profile_image":""},{"id":"48397","employee_name":"test12345","employee_salary":"123","employee_age":"23","profile_image":""},{"id":"48405","employee_name":"test1234t7","employee_salary":"123","employee_age":"23","profile_image":""},{"id":"48437","employee_name":"test233323","employee_salary":"123","employee_age":"32","profile_image":""},{"id":"48476","employee_name":"jhdgjd3536","employee_salary":"123","employee_age":"23","profile_image":""},{"id":"48520","employee_name":"samay 8597db93-0b5f-4da1-ae7c-9523bfc73d30 ","employee_salary":"123","employee_age":"33","profile_image":""},{"id":"48524","employee_name":"rostq","employee_salary":"0","employee_age":"0","profile_image":""},{"id":"48566","employee_name":"EQEmployee-3","employee_salary":"123","employee_age":"23","profile_image":""},{"id":"48591","employee_name":"bharath","employee_salary":"400000","employee_age":"18","profile_image":""},{"id":"48635","employee_name":"test12345D","employee_salary":"1234","employee_age":"23","profile_image":""},{"id":"48642","employee_name":"Employee-fVxgp","employee_salary":"123","employee_age":"23","profile_image":""},{"id":"48658","employee_name":"Employee-UzzJV","employee_salary":"123","employee_age":"23","profile_image":""},{"id":"48671","employee_name":"Employee-ZOItm","employee_salary":"123","employee_age":"23","profile_image":""},{"id":"48679","employee_name":"Employee-ySJsY","employee_salary":"123","employee_age":"23","profile_image":""},{"id":"48683","employee_name":"test123456","employee_salary":"123","employee_age":"23","profile_image":""},{"id":"48700","employee_name":"Employee-CELJc","employee_salary":"123","employee_age":"23","profile_image":""},{"id":"48738","employee_name":"saikiran","employee_salary":"123","employee_age":"23","profile_image":""},{"id":"48758","employee_name":"Vio","employee_salary":"12399000","employee_age":"32","profile_image":""},{"id":"48765","employee_name":"saikiran p","employee_salary":"123","employee_age":"23","profile_image":""},{"id":"48840","employee_name":"test123455","employee_salary":"1234","employee_age":"23","profile_image":""},{"id":"48886","employee_name":"raluca","employee_salary":"123","employee_age":"23","profile_image":""},{"id":"48908","employee_name":"Lavi","employee_salary":"2147483647","employee_age":"25","profile_image":""},{"id":"49002","employee_name":"Employee-fMYLG","employee_salary":"123","employee_age":"23","profile_image":""},{"id":"49043","employee_name":"Sara","employee_salary":"123","employee_age":"23","profile_image":""},{"id":"49067","employee_name":"Employee-SMXEZ","employee_salary":"1234","employee_age":"23","profile_image":""},{"id":"49404","employee_name":"Alex Alex2","employee_salary":"1236","employee_age":"0","profile_image":""},{"id":"49862","employee_name":"thaaaaaa2","employee_salary":"0","employee_age":"0","profile_image":""},{"id":"50005","employee_name":"test1111","employee_salary":"123","employee_age":"23","profile_image":""},{"id":"50080","employee_name":"test1267","employee_salary":"1234","employee_age":"23","profile_image":""},{"id":"50251","employee_name":"test129","employee_salary":"1234","employee_age":"23","profile_image":""},{"id":"50261","employee_name":"Hortencia Dooley-1572616146","employee_salary":"2947","employee_age":"33","profile_image":""},{"id":"50314","employee_name":"admin1","employee_salary":"1200","employee_age":"22","profile_image":""},{"id":"50337","employee_name":"test426","employee_salary":"156","employee_age":"3","profile_image":""},{"id":"50619","employee_name":"Ovidiu21","employee_salary":"156","employee_age":"3","profile_image":""},{"id":"50793","employee_name":"yoyo1913a08a6db300010d03efe1b689619eb","employee_salary":"691","employee_age":"41","profile_image":""},{"id":"51018","employee_name":"user11","employee_salary":"123","employee_age":"23","profile_image":""},{"id":"51084","employee_name":"test11010","employee_salary":"123","employee_age":"23","profile_image":""},{"id":"51149","employee_name":"user112","employee_salary":"123","employee_age":"23","profile_image":""},{"id":"51553","employee_name":"Hoang 637082099962388683","employee_salary":"1000","employee_age":"28","profile_image":""},{"id":"51758","employee_name":"yoyo1d61c08eadb300010d03efe1b68961954","employee_salary":"691","employee_age":"41","profile_image":""},{"id":"51932","employee_name":"???","employee_salary":"0","employee_age":"0","profile_image":""},{"id":"52487","employee_name":"yoyo1077d442edb300010d03efe1b689619a8","employee_salary":"691","employee_age":"41","profile_image":""},{"id":"52684","employee_name":"samay 601c6690-2a6c-42cb-b2ce-fe5873966970 ","employee_salary":"123","employee_age":"33","profile_image":""},{"id":"52736","employee_name":"yoyo1f53f886edb300010d03efe1b689619b0","employee_salary":"691","employee_age":"41","profile_image":""},{"id":"52774","employee_name":"asdasda","employee_salary":"123112","employee_age":"1231223","profile_image":""},{"id":"52782","employee_name":"india1","employee_salary":"123","employee_age":"23","profile_image":""},{"id":"52807","employee_name":"yoyo1ee0098aedb300010d03efe1b68961943","employee_salary":"691","employee_age":"41","profile_image":""},{"id":"52955","employee_name":"rostq11","employee_salary":"0","employee_age":"0","profile_image":""},{"id":"52956","employee_name":"rostq12","employee_salary":"0","employee_age":"0","profile_image":""},{"id":"52957","employee_name":"rostq13","employee_salary":"0","employee_age":"0","profile_image":""},{"id":"52958","employee_name":"rostq14","employee_salary":"0","employee_age":"0","profile_image":""},{"id":"52959","employee_name":"rostq15","employee_salary":"0","employee_age":"0","profile_image":""},{"id":"53036","employee_name":"yoyo125e25822db700010d03efe1b68961943","employee_salary":"691","employee_age":"41","profile_image":""},{"id":"53214","employee_name":"tsest","employee_salary":"123","employee_age":"23","profile_image":""},{"id":"53234","employee_name":"india12","employee_salary":"123","employee_age":"23","profile_image":""},{"id":"53256","employee_name":"tester 212321","employee_salary":"12000","employee_age":"22","profile_image":""},{"id":"53398","employee_name":"Manish01\/11\/19 19:23:03","employee_salary":"10000","employee_age":"25","profile_image":""},{"id":"53427","employee_name":"Manish01\/11\/19 19:24:25","employee_salary":"10000","employee_age":"25","profile_image":""},{"id":"53487","employee_name":"test101","employee_salary":"123","employee_age":"23","profile_image":""},{"id":"53568","employee_name":"QTNov0120191401","employee_salary":"12345","employee_age":"30","profile_image":""},{"id":"53574","employee_name":"test102","employee_salary":"123","employee_age":"23","profile_image":""},{"id":"53585","employee_name":"samay fbbdf019-ecff-485f-9bbd-584671490fdc ","employee_salary":"123","employee_age":"33","profile_image":""},{"id":"53777","employee_name":"testersatya212321","employee_salary":"12000","employee_age":"22","profile_image":""},{"id":"53916","employee_name":"dasdasd","employee_salary":"123123","employee_age":"123312132","profile_image":""},{"id":"54016","employee_name":"venkat111","employee_salary":"123","employee_age":"23","profile_image":""},{"id":"54113","employee_name":"Kayla Stamm-1572622276","employee_salary":"1771","employee_age":"35","profile_image":""},{"id":"54114","employee_name":"Edgar Upton-1572622282","employee_salary":"3438","employee_age":"33","profile_image":""},{"id":"54224","employee_name":"Stephen Runolfsson-1572622645","employee_salary":"3386","employee_age":"21","profile_image":""},{"id":"54228","employee_name":"Luciano Johnston-1572622651","employee_salary":"2039","employee_age":"20","profile_image":""},{"id":"54296","employee_name":"Flo Hermiston-1572622869","employee_salary":"2659","employee_age":"42","profile_image":""},{"id":"54297","employee_name":"Marni Lang-1572622874","employee_salary":"2929","employee_age":"41","profile_image":""},{"id":"54389","employee_name":"Devin Bosco-1572623132","employee_salary":"2263","employee_age":"18","profile_image":""},{"id":"54390","employee_name":"Terence Stracke-1572623137","employee_salary":"2832","employee_age":"21","profile_image":""},{"id":"54404","employee_name":"dorela","employee_salary":"123","employee_age":"23","profile_image":""},{"id":"54424","employee_name":"Fidel Murphy-1572623227","employee_salary":"1554","employee_age":"27","profile_image":""},{"id":"54425","employee_name":"Eleonore Simonis-1572623232","employee_salary":"3092","employee_age":"29","profile_image":""},{"id":"54500","employee_name":"Pete Towne-1572623465","employee_salary":"2796","employee_age":"34","profile_image":""},{"id":"54503","employee_name":"Jessica Jacobson-1572623470","employee_salary":"3031","employee_age":"19","profile_image":""},{"id":"54518","employee_name":"kguru","employee_salary":"3423434","employee_age":"22","profile_image":""},{"id":"54634","employee_name":"gurureddy","employee_salary":"0","employee_age":"0","profile_image":""},{"id":"54675","employee_name":"henkieeee","employee_salary":"123","employee_age":"23","profile_image":""},{"id":"54751","employee_name":"samay 7f8d07bf-9c90-465a-af12-0aaf930240bc ","employee_salary":"123","employee_age":"33","profile_image":""},{"id":"54929","employee_name":"Manish01\/11\/19 20:43:39","employee_salary":"10000","employee_age":"25","profile_image":""},{"id":"54930","employee_name":"asdasdasdasd","employee_salary":"123","employee_age":"23","profile_image":""},{"id":"54934","employee_name":"KOSOVAaaaa","employee_salary":"123","employee_age":"23","profile_image":""},{"id":"54963","employee_name":"kguru1","employee_salary":"344234234","employee_age":"32","profile_image":""},{"id":"54976","employee_name":"kguru2","employee_salary":"222222","employee_age":"22","profile_image":""},{"id":"55003","employee_name":"yash","employee_salary":"123","employee_age":"23","profile_image":""},{"id":"55010","employee_name":"kguru3","employee_salary":"33333","employee_age":"44444","profile_image":""},{"id":"55017","employee_name":"Rigoberto Buckridge-1572625080","employee_salary":"2833","employee_age":"24","profile_image":""},{"id":"55018","employee_name":"Miss Fae Hermann-1572625085","employee_salary":"2735","employee_age":"35","profile_image":""},{"id":"55038","employee_name":"kguru4","employee_salary":"44444","employee_age":"44","profile_image":""},{"id":"55073","employee_name":"yashvanth","employee_salary":"123","employee_age":"23","profile_image":""},{"id":"55113","employee_name":"KOSOVOOOO","employee_salary":"999999999","employee_age":"23","profile_image":""},{"id":"55208","employee_name":"yashvanthtr","employee_salary":"123","employee_age":"23","profile_image":""},{"id":"55242","employee_name":"zzzzz","employee_salary":"2147483647","employee_age":"22","profile_image":""},{"id":"55276","employee_name":"testvinod","employee_salary":"123","employee_age":"23","profile_image":""},{"id":"55303","employee_name":"yyyyy","employee_salary":"1000000","employee_age":"22","profile_image":""},{"id":"55309","employee_name":"test-3","employee_salary":"123","employee_age":"23","profile_image":""},{"id":"55372","employee_name":"Hello Koosovo","employee_salary":"100","employee_age":"23","profile_image":""},{"id":"55466","employee_name":"vinodpojo","employee_salary":"52888","employee_age":"31","profile_image":""},{"id":"55495","employee_name":"vinodpojoge","employee_salary":"52888","employee_age":"31","profile_image":""},{"id":"55502","employee_name":"vinodpojyyoge","employee_salary":"52888","employee_age":"371","profile_image":""},{"id":"55555","employee_name":"Aditya","employee_salary":"70000","employee_age":"27","profile_image":""},{"id":"55597","employee_name":"vinodpojyyog4e","employee_salary":"52888","employee_age":"371","profile_image":""},{"id":"55624","employee_name":"vinodpojyyog4eh","employee_salary":"52888","employee_age":"371","profile_image":""},{"id":"55665","employee_name":"John12","employee_salary":"12344","employee_age":"23","profile_image":""},{"id":"55785","employee_name":"Danish","employee_salary":"3000000","employee_age":"21","profile_image":""},{"id":"55805","employee_name":"John50","employee_salary":"123","employee_age":"25","profile_image":""},{"id":"55811","employee_name":"JohnN","employee_salary":"42183","employee_age":"67","profile_image":""},{"id":"55818","employee_name":"Adi","employee_salary":"6000","employee_age":"25","profile_image":""},{"id":"55843","employee_name":"QTNov0120191601","employee_salary":"12345","employee_age":"30","profile_image":""},{"id":"55857","employee_name":"dron","employee_salary":"78900","employee_age":"26","profile_image":""},{"id":"55861","employee_name":"vinodpojyyog4eh5","employee_salary":"52888","employee_age":"371","profile_image":""},{"id":"55893","employee_name":"af","employee_salary":"6777","employee_age":"57","profile_image":""},{"id":"55910","employee_name":"ljZW","employee_salary":"6727","employee_age":"74","profile_image":""},{"id":"55919","employee_name":"tWpM","employee_salary":"2700","employee_age":"92","profile_image":""},{"id":"55926","employee_name":"thWt","employee_salary":"1095","employee_age":"52","profile_image":""},{"id":"55940","employee_name":"vinodpojyyog47h5","employee_salary":"52888","employee_age":"371","profile_image":""},{"id":"55962","employee_name":"agg","employee_salary":"5789","employee_age":"46","profile_image":""},{"id":"55965","employee_name":"Wbjq","employee_salary":"6159","employee_age":"66","profile_image":""},{"id":"55994","employee_name":"uEnZ","employee_salary":"5317","employee_age":"6","profile_image":""},{"id":"56007","employee_name":"TqIi","employee_salary":"5661","employee_age":"41","profile_image":""},{"id":"56050","employee_name":"EgXR","employee_salary":"8409","employee_age":"38","profile_image":""},{"id":"56063","employee_name":"guFC","employee_salary":"6179","employee_age":"11","profile_image":""},{"id":"56074","employee_name":"oklohomaaa","employee_salary":"123","employee_age":"23","profile_image":""},{"id":"56081","employee_name":"inSY","employee_salary":"5000","employee_age":"86","profile_image":""},{"id":"56091","employee_name":"vinodpojybyog47h5","employee_salary":"52888","employee_age":"371","profile_image":""},{"id":"56104","employee_name":"iKEV","employee_salary":"2841","employee_age":"44","profile_image":""},{"id":"56117","employee_name":"Raja","employee_salary":"300","employee_age":"21","profile_image":""},{"id":"56121","employee_name":"jwbQ","employee_salary":"6290","employee_age":"39","profile_image":""},{"id":"56152","employee_name":"BaaO","employee_salary":"6488","employee_age":"31","profile_image":""},{"id":"56229","employee_name":"Kate Kautzer-1572628878","employee_salary":"3387","employee_age":"26","profile_image":""},{"id":"56230","employee_name":"Sanjuanita Crist-1572628883","employee_salary":"1602","employee_age":"19","profile_image":""},{"id":"56231","employee_name":"alabamahost","employee_salary":"123","employee_age":"11","profile_image":""},{"id":"56260","employee_name":"samay 835fd9bc-f4ed-4861-b981-80660714bc31 ","employee_salary":"123","employee_age":"33","profile_image":""},{"id":"56291","employee_name":"Roosevelt Anderson-1572629070","employee_salary":"3134","employee_age":"35","profile_image":""},{"id":"56292","employee_name":"Sang Abshire-1572629075","employee_salary":"2516","employee_age":"36","profile_image":""},{"id":"56423","employee_name":"Diane Cartwright-1572629505","employee_salary":"1572","employee_age":"37","profile_image":""},{"id":"56426","employee_name":"Charley Bradtke-1572629510","employee_salary":"1962","employee_age":"30","profile_image":""},{"id":"56447","employee_name":"kingkhan","employee_salary":"100000","employee_age":"52","profile_image":""},{"id":"56575","employee_name":"Dr. Herman Crist-1572629986","employee_salary":"2768","employee_age":"33","profile_image":""},{"id":"56578","employee_name":"Elliott Abshire-1572629991","employee_salary":"2634","employee_age":"32","profile_image":""},{"id":"56635","employee_name":"Sidp","employee_salary":"7932","employee_age":"78","profile_image":""},{"id":"56657","employee_name":"Sidw","employee_salary":"52231","employee_age":"60","profile_image":""},{"id":"56688","employee_name":"Mr. Henry Prosacco-1572630345","employee_salary":"3120","employee_age":"25","profile_image":""},{"id":"56691","employee_name":"Miss Horacio Hintz-1572630350","employee_salary":"3073","employee_age":"32","profile_image":""},{"id":"57004","employee_name":"SidT","employee_salary":"27166","employee_age":"31","profile_image":""},{"id":"57047","employee_name":"SidM","employee_salary":"47824","employee_age":"89","profile_image":""},{"id":"57115","employee_name":"Leighann Nolan-1572631746","employee_salary":"2139","employee_age":"37","profile_image":""},{"id":"57118","employee_name":"Jarred Farrell-1572631753","employee_salary":"3191","employee_age":"19","profile_image":""},{"id":"57195","employee_name":"samay 77714a9c-260b-40ef-b165-d9a8dd3d7f0c ","employee_salary":"123","employee_age":"33","profile_image":""},{"id":"57196","employee_name":"SidD","employee_salary":"81199","employee_age":"28","profile_image":""},{"id":"57367","employee_name":"SidY","employee_salary":"65630","employee_age":"24","profile_image":""},{"id":"57377","employee_name":"SidF","employee_salary":"81142","employee_age":"4","profile_image":""},{"id":"57523","employee_name":"Tracy Quitzon IV-1572633060","employee_salary":"2650","employee_age":"21","profile_image":""},{"id":"57524","employee_name":"Muoi Pollich-1572633066","employee_salary":"2519","employee_age":"31","profile_image":""},{"id":"57810","employee_name":"Ad","employee_salary":"70000","employee_age":"56","profile_image":""},{"id":"57861","employee_name":"Testing-Venkat","employee_salary":"123","employee_age":"23","profile_image":""},{"id":"57886","employee_name":"vinodxxxjybyog47h5","employee_salary":"52888","employee_age":"371","profile_image":""},{"id":"57927","employee_name":"vinodxxx","employee_salary":"52888","employee_age":"371","profile_image":""},{"id":"58004","employee_name":"vino44dxxx","employee_salary":"52888","employee_age":"371","profile_image":""},{"id":"58014","employee_name":"Adityaaa","employee_salary":"778","employee_age":"266","profile_image":""},{"id":"58027","employee_name":"Lauretta Jakubowski II-1572634678","employee_salary":"2317","employee_age":"37","profile_image":""},{"id":"58028","employee_name":"Gale Kemmer DVM-1572634684","employee_salary":"3408","employee_age":"22","profile_image":""},{"id":"58048","employee_name":"Aass","employee_salary":"677","employee_age":"67","profile_image":""},{"id":"58103","employee_name":"as","employee_salary":"4566","employee_age":"45","profile_image":""},{"id":"58122","employee_name":"hfuf","employee_salary":"466777","employee_age":"46","profile_image":""},{"id":"58141","employee_name":"adr","employee_salary":"46677","employee_age":"35","profile_image":""},{"id":"58166","employee_name":"samay 198cc702-5e49-499c-a962-7122e4cf8f9b ","employee_salary":"123","employee_age":"33","profile_image":""},{"id":"58179","employee_name":"asd","employee_salary":"567","employee_age":"45","profile_image":""},{"id":"58201","employee_name":"Aritya","employee_salary":"467","employee_age":"56","profile_image":""},{"id":"58265","employee_name":"gdhcjf","employee_salary":"5677","employee_age":"456","profile_image":""},{"id":"58308","employee_name":"add","employee_salary":"56677","employee_age":"46","profile_image":""},{"id":"58369","employee_name":"fjvuv","employee_salary":"56788","employee_age":"456","profile_image":""},{"id":"58385","employee_name":"jjdoe","employee_salary":"123","employee_age":"23","profile_image":""},{"id":"58428","employee_name":"dghh","employee_salary":"577888","employee_age":"4666","profile_image":""},{"id":"58559","employee_name":"gsgdyd","employee_salary":"566666","employee_age":"45","profile_image":""},{"id":"58794","employee_name":"unique new york","employee_salary":"500000","employee_age":"38","profile_image":""},{"id":"58814","employee_name":"Joey Jo-Jo ShabaDONT","employee_salary":"500000","employee_age":"38","profile_image":""},{"id":"58943","employee_name":"test01","employee_salary":"123","employee_age":"23","profile_image":""},{"id":"59074","employee_name":"figi","employee_salary":"4677","employee_age":"455","profile_image":""},{"id":"59096","employee_name":"hfjff","employee_salary":"56777","employee_age":"355","profile_image":""},{"id":"59277","employee_name":"afitya","employee_salary":"68888","employee_age":"25","profile_image":""},{"id":"59293","employee_name":"samay 85aee576-950f-4559-b01c-463fd9435d45 ","employee_salary":"123","employee_age":"33","profile_image":""},{"id":"60280","employee_name":"QTNov0120192001","employee_salary":"12345","employee_age":"30","profile_image":""},{"id":"60293","employee_name":"Dorothy Murphy-1572638522","employee_salary":"1828","employee_age":"29","profile_image":""},{"id":"60297","employee_name":"Tiara Orn-1572638531","employee_salary":"2817","employee_age":"19","profile_image":""},{"id":"60314","employee_name":"samay 5af71056-4295-4c3f-b1a7-db350ef6d0bc ","employee_salary":"123","employee_age":"33","profile_image":""},{"id":"61083","employee_name":"test20191101","employee_salary":"123","employee_age":"23","profile_image":""},{"id":"61096","employee_name":"ramanxyz","employee_salary":"0","employee_age":"0","profile_image":""},{"id":"61097","employee_name":"rajeshcyz","employee_salary":"0","employee_age":"0","profile_image":""},{"id":"61098","employee_name":"shubhixyz","employee_salary":"0","employee_age":"0","profile_image":""},{"id":"61142","employee_name":"ramanxyza","employee_salary":"0","employee_age":"0","profile_image":""},{"id":"61145","employee_name":"rajeshcyza","employee_salary":"0","employee_age":"0","profile_image":""},{"id":"61147","employee_name":"shubhixyza","employee_salary":"0","employee_age":"0","profile_image":""},{"id":"61215","employee_name":"Edu test 22","employee_salary":"2233","employee_age":"33","profile_image":""},{"id":"61309","employee_name":"ramanxyzb","employee_salary":"0","employee_age":"0","profile_image":""},{"id":"61310","employee_name":"rajeshcyzb","employee_salary":"0","employee_age":"0","profile_image":""},{"id":"61311","employee_name":"shubhixyzb","employee_salary":"0","employee_age":"0","profile_image":""},{"id":"61415","employee_name":"ramanxyzc","employee_salary":"0","employee_age":"0","profile_image":""},{"id":"61417","employee_name":"rajeshcyzc","employee_salary":"0","employee_age":"0","profile_image":""},{"id":"61420","employee_name":"shubhixyzc","employee_salary":"0","employee_age":"0","profile_image":""},{"id":"61442","employee_name":"samay eefe7949-ed99-4270-99a5-65901a922a30 ","employee_salary":"123","employee_age":"33","profile_image":""},{"id":"61468","employee_name":"louay12","employee_salary":"123","employee_age":"23","profile_image":""},{"id":"61543","employee_name":"ramanxyzd","employee_salary":"200000","employee_age":"26","profile_image":""},{"id":"61544","employee_name":"rajeshcyzd","employee_salary":"864286","employee_age":"78","profile_image":""},{"id":"61545","employee_name":"shubhixyzd","employee_salary":"34364","employee_age":"33","profile_image":""},{"id":"62119","employee_name":"testSkonee","employee_salary":"123","employee_age":"22","profile_image":""},{"id":"62172","employee_name":"testSkonee2","employee_salary":"123","employee_age":"22","profile_image":""},{"id":"62654","employee_name":"samay b1887952-8a80-4e62-a0c5-7f1eacc46045 ","employee_salary":"123","employee_age":"33","profile_image":""},{"id":"63670","employee_name":"samay bc20de56-0857-4f5e-9185-447e57874089 ","employee_salary":"123","employee_age":"33","profile_image":""},{"id":"64649","employee_name":"QTNov0220190001","employee_salary":"12345","employee_age":"30","profile_image":""},{"id":"64666","employee_name":"samay 0a957eca-52c8-45a5-b4b0-a87dd2d4c990 ","employee_salary":"123","employee_age":"33","profile_image":""},{"id":"65340","employee_name":"mk","employee_salary":"999999","employee_age":"72","profile_image":""},{"id":"65877","employee_name":"samay b0589d21-4671-43c3-8ebd-69a1047e801a ","employee_salary":"123","employee_age":"33","profile_image":""},{"id":"66797","employee_name":"Prabha Miss1","employee_salary":"2500000","employee_age":"25","profile_image":""},{"id":"66798","employee_name":"Prabha Miss2","employee_salary":"2500000","employee_age":"25","profile_image":""},{"id":"66799","employee_name":"Prabha Miss","employee_salary":"2500000","employee_age":"25","profile_image":""},{"id":"66834","employee_name":"samay 014c2b8c-a104-4f65-85b4-ea0f687f578b ","employee_salary":"123","employee_age":"33","profile_image":""},{"id":"67419","employee_name":"sdsdsaad","employee_salary":"123","employee_age":"23","profile_image":""},{"id":"68004","employee_name":"samay a43beb2c-e63e-4482-a7f7-a3d397ecb44e ","employee_salary":"123","employee_age":"33","profile_image":""},{"id":"68168","employee_name":"sand","employee_salary":"123","employee_age":"23","profile_image":""},{"id":"68189","employee_name":"sss","employee_salary":"123","employee_age":"23","profile_image":""},{"id":"68297","employee_name":"0","employee_salary":"0","employee_age":"0","profile_image":""},{"id":"68301","employee_name":"0dee","employee_salary":"0","employee_age":"0","profile_image":""},{"id":"68315","employee_name":"deepak291988","employee_salary":"0","employee_age":"0","profile_image":""},{"id":"68482","employee_name":"mks","employee_salary":"1236474","employee_age":"23","profile_image":""},{"id":"69012","employee_name":"Sam","employee_salary":"1236474","employee_age":"28","profile_image":""},{"id":"69143","employee_name":"samay 77bfe4ee-aae2-46b5-9089-b5ea7ae1cd9b ","employee_salary":"123","employee_age":"33","profile_image":""},{"id":"69322","employee_name":"SidK","employee_salary":"79717","employee_age":"4","profile_image":""},{"id":"69501","employee_name":"Sami","employee_salary":"1236474","employee_age":"28","profile_image":""},{"id":"69567","employee_name":"SidJ","employee_salary":"176","employee_age":"6","profile_image":""},{"id":"69627","employee_name":"SidV","employee_salary":"56477","employee_age":"65","profile_image":""},{"id":"69655","employee_name":"SidO","employee_salary":"3519","employee_age":"75","profile_image":""},{"id":"69898","employee_name":"anand","employee_salary":"342","employee_age":"30","profile_image":""},{"id":"69986","employee_name":"prajyot","employee_salary":"342","employee_age":"28","profile_image":""},{"id":"70101","employee_name":"Irfan","employee_salary":"80000","employee_age":"30","profile_image":""},{"id":"70103","employee_name":"Swati","employee_salary":"1000","employee_age":"50","profile_image":""},{"id":"70175","employee_name":"Pratik Lohiya","employee_salary":"65","employee_age":"27","profile_image":""},{"id":"70227","employee_name":"samay 2a4e3144-35f0-4681-abc0-c53ef9163403 ","employee_salary":"123","employee_age":"33","profile_image":""},{"id":"70382","employee_name":"Ashutosh Tripathi","employee_salary":"1","employee_age":"25","profile_image":""},{"id":"70398","employee_name":"Ram Raje","employee_salary":"35000","employee_age":"30","profile_image":""},{"id":"70403","employee_name":"PramilaPL","employee_salary":"454915","employee_age":"27","profile_image":""},{"id":"70425","employee_name":"Priyanka Testing","employee_salary":"465100","employee_age":"26","profile_image":""},{"id":"70426","employee_name":"Sowmya V Shetty","employee_salary":"90000","employee_age":"39","profile_image":""},{"id":"70718","employee_name":"sai","employee_salary":"104000","employee_age":"28","profile_image":""},{"id":"70809","employee_name":"alok","employee_salary":"10000","employee_age":"30","profile_image":""},{"id":"70922","employee_name":"surya","employee_salary":"2000","employee_age":"24","profile_image":""},{"id":"70994","employee_name":"Nick","employee_salary":"50000","employee_age":"24","profile_image":""},{"id":"71062","employee_name":"JhonNick020123456789","employee_salary":"50000","employee_age":"24","profile_image":""},{"id":"71081","employee_name":"JhonNicksatya","employee_salary":"50000","employee_age":"24","profile_image":""},{"id":"71137","employee_name":"JhonNicksatya1","employee_salary":"50000","employee_age":"24","profile_image":""},{"id":"71232","employee_name":"asv","employee_salary":"3000","employee_age":"34","profile_image":""},{"id":"71412","employee_name":"samay 2dc79d07-b068-4aff-a35f-86cb67c986d1 ","employee_salary":"123","employee_age":"33","profile_image":""},{"id":"71441","employee_name":"Swatee Gujar","employee_salary":"70000","employee_age":"2456","profile_image":""},{"id":"71473","employee_name":"API Automation","employee_salary":"7777777","employee_age":"77","profile_image":""},{"id":"71477","employee_name":"Jaywant Ingle","employee_salary":"497205","employee_age":"27","profile_image":""},{"id":"71481","employee_name":"Ayasha","employee_salary":"240000","employee_age":"29","profile_image":""},{"id":"71485","employee_name":"Pratik Dinesh Lohiya","employee_salary":"900000","employee_age":"26","profile_image":""},{"id":"71489","employee_name":"AsmithABC","employee_salary":"27000","employee_age":"20","profile_image":""},{"id":"71490","employee_name":"Anand Bhayre4","employee_salary":"65988675","employee_age":"32","profile_image":""},{"id":"71523","employee_name":"Salman Khan","employee_salary":"3244353","employee_age":"56","profile_image":""},{"id":"71577","employee_name":"Pramila L","employee_salary":"855666","employee_age":"26","profile_image":""},{"id":"71588","employee_name":"Puwan2","employee_salary":"123","employee_age":"23","profile_image":""},{"id":"71592","employee_name":"Pramila L1","employee_salary":"855666","employee_age":"26","profile_image":""},{"id":"71593","employee_name":"Anand Bhayre5","employee_salary":"65988675","employee_age":"32","profile_image":""},{"id":"71594","employee_name":"Pratik Din Lohiya","employee_salary":"900000","employee_age":"26","profile_image":""},{"id":"71607","employee_name":"Arti","employee_salary":"3244353","employee_age":"2456","profile_image":""},{"id":"71612","employee_name":"Sowmya","employee_salary":"99999","employee_age":"39","profile_image":""},{"id":"71616","employee_name":"Mahi","employee_salary":"240000","employee_age":"29","profile_image":""},{"id":"71617","employee_name":"API AutomationNew","employee_salary":"7777777","employee_age":"77","profile_image":""},{"id":"71621","employee_name":"Ganesh Chahyal","employee_salary":"40000","employee_age":"287","profile_image":""},{"id":"71641","employee_name":"Khan","employee_salary":"3244353","employee_age":"56","profile_image":""},{"id":"71645","employee_name":"Jaywant","employee_salary":"497205","employee_age":"27","profile_image":""},{"id":"71652","employee_name":"Swatee Gujar ugu","employee_salary":"70080","employee_age":"2456","profile_image":""},{"id":"71699","employee_name":"Text","employee_salary":"3244353","employee_age":"56","profile_image":""},{"id":"71708","employee_name":"Pramila L2","employee_salary":"855666","employee_age":"26","profile_image":""},{"id":"71730","employee_name":"Te","employee_salary":"3244353","employee_age":"56","profile_image":""},{"id":"71749","employee_name":"T","employee_salary":"3244353","employee_age":"56","profile_image":""},{"id":"72170","employee_name":"Hoang 637082738699267622","employee_salary":"1000","employee_age":"28","profile_image":""},{"id":"72289","employee_name":"DEF123","employee_salary":"4000","employee_age":"35","profile_image":""},{"id":"72290","employee_name":"GHI123","employee_salary":"5000","employee_age":"25","profile_image":""},{"id":"72291","employee_name":"JKL123","employee_salary":"6000","employee_age":"45","profile_image":""},{"id":"72300","employee_name":"umer007123","employee_salary":"500007","employee_age":"207","profile_image":""},{"id":"72575","employee_name":"samay 6caad167-7cf0-4af3-9603-3172b97b5451 ","employee_salary":"123","employee_age":"33","profile_image":""},{"id":"73129","employee_name":"testClyde","employee_salary":"500000","employee_age":"20","profile_image":""},{"id":"73386","employee_name":"div","employee_salary":"2000","employee_age":"52","profile_image":""},{"id":"73387","employee_name":"sim","employee_salary":"2050","employee_age":"52","profile_image":""},{"id":"73391","employee_name":"miv","employee_salary":"23000","employee_age":"552","profile_image":""},{"id":"73400","employee_name":"Ganesg","employee_salary":"40000","employee_age":"28","profile_image":""},{"id":"73406","employee_name":"vino8884dxxx","employee_salary":"52888","employee_age":"371","profile_image":""},{"id":"73581","employee_name":"samay c9a10ffb-de89-4249-986d-ff02b4eaba71 ","employee_salary":"123","employee_age":"33","profile_image":""},{"id":"73670","employee_name":"gopi","employee_salary":"800000","employee_age":"67","profile_image":""},{"id":"74039","employee_name":"Leyonal","employee_salary":"35000","employee_age":"25","profile_image":""},{"id":"74083","employee_name":"test11","employee_salary":"123","employee_age":"23","profile_image":""},{"id":"74364","employee_name":"JhonNicksatya122","employee_salary":"12000","employee_age":"23","profile_image":""},{"id":"74482","employee_name":"JhonNicksatya12","employee_salary":"12000","employee_age":"23","profile_image":""},{"id":"74708","employee_name":"samay 5d36ea9f-7eee-40ae-9eed-035fe3a34725 ","employee_salary":"123","employee_age":"33","profile_image":""},{"id":"75767","employee_name":"samay b61ea6f2-e208-4f7b-ad62-5fccb70e3bfa ","employee_salary":"123","employee_age":"33","profile_image":""},{"id":"76498","employee_name":"CRUD","employee_salary":"123","employee_age":"23","profile_image":""},{"id":"76594","employee_name":"test123","employee_salary":"123","employee_age":"23","profile_image":""},{"id":"76767","employee_name":"testq1","employee_salary":"123","employee_age":"23","profile_image":""},{"id":"76910","employee_name":"samay 50b87b70-29de-4bb3-b1af-b3cb83d39597 ","employee_salary":"123","employee_age":"33","profile_image":""},{"id":"77009","employee_name":"poiuy","employee_salary":"26000","employee_age":"29","profile_image":""},{"id":"77064","employee_name":"poiuyt","employee_salary":"28000","employee_age":"29","profile_image":""},{"id":"77077","employee_name":"Ajay","employee_salary":"123","employee_age":"23","profile_image":""},{"id":"77107","employee_name":"Arun","employee_salary":"123","employee_age":"23","profile_image":""},{"id":"77337","employee_name":"lkjh","employee_salary":"25000","employee_age":"64","profile_image":""},{"id":"77754","employee_name":"Arsh","employee_salary":"1800","employee_age":"30","profile_image":""},{"id":"77821","employee_name":"AFfan","employee_salary":"185","employee_age":"30","profile_image":""},{"id":"77888","employee_name":"minu","employee_salary":"20000","employee_age":"20","profile_image":""},{"id":"77921","employee_name":"kanishka","employee_salary":"20000","employee_age":"12000","profile_image":""},{"id":"77952","employee_name":"Robert bosch","employee_salary":"12000","employee_age":"36","profile_image":""},{"id":"77986","employee_name":"zeek","employee_salary":"1085","employee_age":"30","profile_image":""},{"id":"77999","employee_name":"samay 784fcd82-959d-4b7d-bfb9-eb66a421f7b7 ","employee_salary":"123","employee_age":"33","profile_image":""},{"id":"78000","employee_name":"Robert Bosch west","employee_salary":"26000","employee_age":"26","profile_image":""},{"id":"78181","employee_name":"Janu76","employee_salary":"240000","employee_age":"29","profile_image":""},{"id":"78356","employee_name":"Aruns","employee_salary":"123","employee_age":"23","profile_image":""},{"id":"78409","employee_name":"yashdemo","employee_salary":"123","employee_age":"23","profile_image":""},{"id":"78841","employee_name":"test2","employee_salary":"123","employee_age":"23","profile_image":""},{"id":"78941","employee_name":"pintoooo","employee_salary":"12000","employee_age":"36","profile_image":""},{"id":"78982","employee_name":"pintooooooooooo","employee_salary":"23000","employee_age":"12","profile_image":""},{"id":"79023","employee_name":"Sidh","employee_salary":"65088","employee_age":"43","profile_image":""},{"id":"79156","employee_name":"samay bb5e60e8-2c94-48b5-b9c1-254ecf65a653 ","employee_salary":"123","employee_age":"33","profile_image":""},{"id":"79237","employee_name":"DelelteEmployee","employee_salary":"123","employee_age":"23","profile_image":""},{"id":"79463","employee_name":"{{session}}","employee_salary":"123","employee_age":"23","profile_image":""},{"id":"79476","employee_name":"$$$$$hello","employee_salary":"123645","employee_age":"12","profile_image":""},{"id":"79486","employee_name":"delemp","employee_salary":"123645","employee_age":"12","profile_image":""},{"id":"79505","employee_name":"7cdd658015eb69e0fcb6f29342a00e1f","employee_salary":"123","employee_age":"23","profile_image":""},{"id":"79543","employee_name":"####emp","employee_salary":"72314","employee_age":"123645","profile_image":""},{"id":"79580","employee_name":"@@@emp","employee_salary":"123645","employee_age":"12","profile_image":""},{"id":"79584","employee_name":"fname4849","employee_salary":"123","employee_age":"23","profile_image":""},{"id":"79588","employee_name":"fname174","employee_salary":"123","employee_age":"23","profile_image":""},{"id":"79589","employee_name":"fname7231","employee_salary":"123","employee_age":"23","profile_image":""},{"id":"79611","employee_name":"853","employee_salary":"123","employee_age":"23","profile_image":""},{"id":"79621","employee_name":"test396","employee_salary":"123","employee_age":"23","profile_image":""},{"id":"79625","employee_name":"test429","employee_salary":"123","employee_age":"23","profile_image":""},{"id":"79653","employee_name":"test337","employee_salary":"123","employee_age":"23","profile_image":""},{"id":"79690","employee_name":"test437","employee_salary":"123","employee_age":"23","profile_image":""},{"id":"79775","employee_name":"&&&emp","employee_salary":"1000","employee_age":"26","profile_image":""},{"id":"79779","employee_name":"test397","employee_salary":"123","employee_age":"23","profile_image":""},{"id":"79839","employee_name":"test557","employee_salary":"123","employee_age":"23","profile_image":""},{"id":"79847","employee_name":"___test","employee_salary":"2365","employee_age":"123","profile_image":""},{"id":"79860","employee_name":"(test)","employee_salary":"23000","employee_age":"23","profile_image":""},{"id":"79867","employee_name":"test110","employee_salary":"698","employee_age":"23","profile_image":""},{"id":"79993","employee_name":"test697","employee_salary":"239","employee_age":"23","profile_image":""},{"id":"80029","employee_name":"+-----smitha","employee_salary":"30000","employee_age":"12","profile_image":""},{"id":"80215","employee_name":"samay 8d2a934d-8f51-422c-9330-fd54ae9cf5cf ","employee_salary":"123","employee_age":"33","profile_image":""},{"id":"80531","employee_name":"testingbay","employee_salary":"123456","employee_age":"23","profile_image":""},{"id":"80556","employee_name":"JohnTME","employee_salary":"42094","employee_age":"33","profile_image":""},{"id":"80596","employee_name":"test28","employee_salary":"783","employee_age":"23","profile_image":""},{"id":"80621","employee_name":"JohnEak","employee_salary":"18519","employee_age":"99","profile_image":""},{"id":"80631","employee_name":"JohnbLT","employee_salary":"15076","employee_age":"24","profile_image":""},{"id":"80668","employee_name":"Johnxvy","employee_salary":"27305","employee_age":"64","profile_image":""},{"id":"80687","employee_name":"JohnDQZ","employee_salary":"64637","employee_age":"20","profile_image":""},{"id":"80784","employee_name":"test595","employee_salary":"834","employee_age":"23","profile_image":""},{"id":"80923","employee_name":"jocky","employee_salary":"10000","employee_age":"200","profile_image":""},{"id":"80929","employee_name":"jocky1","employee_salary":"10000","employee_age":"1000","profile_image":""},{"id":"80945","employee_name":"Puwan","employee_salary":"123","employee_age":"23","profile_image":""},{"id":"80986","employee_name":"jocky12","employee_salary":"10000","employee_age":"25","profile_image":""},{"id":"81138","employee_name":"Muhammad","employee_salary":"123","employee_age":"23","profile_image":""},{"id":"81259","employee_name":"JohnnIT","employee_salary":"20951","employee_age":"1","profile_image":""},{"id":"81346","employee_name":"samay f4cc3ebf-75f4-4076-835f-84606b6098b1 ","employee_salary":"123","employee_age":"33","profile_image":""},{"id":"81359","employee_name":"JohniHR","employee_salary":"49592","employee_age":"42","profile_image":""},{"id":"81369","employee_name":"JohnZAm","employee_salary":"71733","employee_age":"89","profile_image":""},{"id":"81382","employee_name":"JohnEue","employee_salary":"24692","employee_age":"70","profile_image":""},{"id":"81395","employee_name":"JohnWTA","employee_salary":"88058","employee_age":"8","profile_image":""},{"id":"81408","employee_name":"JohnrSL","employee_salary":"66608","employee_age":"42","profile_image":""},{"id":"81425","employee_name":"JohnwRw","employee_salary":"64169","employee_age":"84","profile_image":""},{"id":"81432","employee_name":"JohnYVl","employee_salary":"72947","employee_age":"50","profile_image":""},{"id":"81442","employee_name":"JohnJUT","employee_salary":"97107","employee_age":"5","profile_image":""},{"id":"81483","employee_name":"JohnwzW","employee_salary":"3791","employee_age":"16","profile_image":""},{"id":"81968","employee_name":"Obukhivska_Yuliia","employee_salary":"10000","employee_age":"25","profile_image":""},{"id":"82034","employee_name":"Eliz Mertz-1572712855","employee_salary":"2249","employee_age":"37","profile_image":""},{"id":"82035","employee_name":"Joellen Shields-1572712861","employee_salary":"1910","employee_age":"25","profile_image":""},{"id":"82053","employee_name":"sunni","employee_salary":"123","employee_age":"23","profile_image":""},{"id":"82101","employee_name":"Mrs. Angelina Senger-1572713065","employee_salary":"3187","employee_age":"23","profile_image":""},{"id":"82105","employee_name":"Luz Ondricka-1572713070","employee_salary":"2028","employee_age":"37","profile_image":""},{"id":"82137","employee_name":"CCRUD","employee_salary":"123","employee_age":"23","profile_image":""},{"id":"82151","employee_name":"Glen Schinner-1572713199","employee_salary":"2028","employee_age":"26","profile_image":""},{"id":"82152","employee_name":"Lucie Deckow DDS-1572713204","employee_salary":"2610","employee_age":"39","profile_image":""},{"id":"82180","employee_name":"raji","employee_salary":"123","employee_age":"23","profile_image":""},{"id":"82206","employee_name":"1CRUD","employee_salary":"123","employee_age":"23","profile_image":""},{"id":"82237","employee_name":"Mrs. Trey Murazik-1572713460","employee_salary":"2044","employee_age":"38","profile_image":""},{"id":"82238","employee_name":"Clifford Smith-1572713465","employee_salary":"1738","employee_age":"25","profile_image":""},{"id":"82265","employee_name":"2CRUD","employee_salary":"123","employee_age":"23","profile_image":""},{"id":"82299","employee_name":"3CRUD","employee_salary":"123","employee_age":"23","profile_image":""},{"id":"82321","employee_name":"4CRUD","employee_salary":"123","employee_age":"23","profile_image":""},{"id":"82347","employee_name":"bently","employee_salary":"200000","employee_age":"23","profile_image":""},{"id":"82544","employee_name":"arunss","employee_salary":"0","employee_age":"0","profile_image":""},{"id":"82575","employee_name":"arunss111","employee_salary":"0","employee_age":"0","profile_image":""},{"id":"82582","employee_name":"aruns;s111","employee_salary":"0","employee_age":"0","profile_image":""},{"id":"82631","employee_name":"testyy","employee_salary":"123","employee_age":"23","profile_image":""},{"id":"82644","employee_name":"Virender","employee_salary":"1111","employee_age":"100","profile_image":""},{"id":"82661","employee_name":"samay 7dd8af70-a2e7-46d5-927d-faa3affbaaa6 ","employee_salary":"123","employee_age":"33","profile_image":""},{"id":"82672","employee_name":"Virenders","employee_salary":"1111","employee_age":"100","profile_image":""},{"id":"82686","employee_name":"Virenderss","employee_salary":"1111","employee_age":"100","profile_image":""},{"id":"82716","employee_name":"Hoang 637083080728908978","employee_salary":"1000","employee_age":"28","profile_image":""},{"id":"82729","employee_name":"Virendersss","employee_salary":"1111","employee_age":"100","profile_image":""},{"id":"82733","employee_name":"Virenderssss","employee_salary":"1111","employee_age":"100","profile_image":""},{"id":"82838","employee_name":"{var}","employee_salary":"123","employee_age":"23","profile_image":""},{"id":"82860","employee_name":"test234","employee_salary":"123","employee_age":"23","profile_image":""},{"id":"82970","employee_name":"Virendersssss","employee_salary":"1111","employee_age":"100","profile_image":""},{"id":"83098","employee_name":"cherry","employee_salary":"123","employee_age":"23","profile_image":""},{"id":"83101","employee_name":"ravi","employee_salary":"123","employee_age":"23","profile_image":""},{"id":"83130","employee_name":"Virenderssssss","employee_salary":"1111","employee_age":"100","profile_image":""},{"id":"83245","employee_name":"testtop","employee_salary":"14123","employee_age":"23","profile_image":""},{"id":"83297","employee_name":"shankar","employee_salary":"123","employee_age":"23","profile_image":""},{"id":"83304","employee_name":"Virendersssssss","employee_salary":"1111","employee_age":"100","profile_image":""},{"id":"83315","employee_name":"suguna","employee_salary":"123","employee_age":"23","profile_image":""},{"id":"83354","employee_name":"surekha","employee_salary":"123","employee_age":"23","profile_image":""},{"id":"83367","employee_name":"vani","employee_salary":"123","employee_age":"23","profile_image":""},{"id":"83430","employee_name":"valli","employee_salary":"123","employee_age":"23","profile_image":""},{"id":"83434","employee_name":"","employee_salary":"120","employee_age":"0","profile_image":""},{"id":"83454","employee_name":"sadhi","employee_salary":"123","employee_age":"23","profile_image":""},{"id":"83476","employee_name":"Virenderssssssss","employee_salary":"1111","employee_age":"100","profile_image":""},{"id":"83490","employee_name":"Virendersssssssss","employee_salary":"1111","employee_age":"100","profile_image":""},{"id":"83562","employee_name":"Virenderssssssssss","employee_salary":"1111","employee_age":"100","profile_image":""},{"id":"83626","employee_name":"Virendersssssssssss","employee_salary":"1111","employee_age":"100","profile_image":""},{"id":"83645","employee_name":"Virenderssssssssssss","employee_salary":"1111","employee_age":"100","profile_image":""},{"id":"83649","employee_name":"Viresnderssssssssssss","employee_salary":"1111","employee_age":"100","profile_image":""},{"id":"83683","employee_name":"Viresndersssssssssssss","employee_salary":"1111","employee_age":"100","profile_image":""},{"id":"83697","employee_name":"Viresnderssssssssssssss","employee_salary":"1111","employee_age":"100","profile_image":""},{"id":"83708","employee_name":"Viresndersssssssssssssss","employee_salary":"1111","employee_age":"100","profile_image":""},{"id":"83712","employee_name":"saurabhi","employee_salary":"123","employee_age":"23","profile_image":""},{"id":"83728","employee_name":"Nikolay","employee_salary":"500","employee_age":"22","profile_image":""},{"id":"83729","employee_name":"Viresnderssssssssssssssss","employee_salary":"1111","employee_age":"100","profile_image":""},{"id":"83736","employee_name":"Viresndersssssssssssssssss","employee_salary":"1111","employee_age":"100","profile_image":""},{"id":"83744","employee_name":"Viressndersssssssssssssssss","employee_salary":"1111","employee_age":"100","profile_image":""},{"id":"83764","employee_name":"Viressnderssssssssssssssssss","employee_salary":"1111","employee_age":"100","profile_image":""},{"id":"83768","employee_name":"samay 7d3771d8-9432-41af-9dbe-d31aefadc4c8 ","employee_salary":"123","employee_age":"33","profile_image":""},{"id":"83809","employee_name":"WRwqI3uU75","employee_salary":"2107","employee_age":"32","profile_image":""},{"id":"83919","employee_name":"vViressnderssssssssssssssssss","employee_salary":"1111","employee_age":"100","profile_image":""},{"id":"84016","employee_name":"rp4xlx504o","employee_salary":"59036","employee_age":"1","profile_image":""},{"id":"84077","employee_name":"gZHV1E7oTr","employee_salary":"19529","employee_age":"18","profile_image":""},{"id":"84096","employee_name":"CRUD5","employee_salary":"123","employee_age":"23","profile_image":""},{"id":"84112","employee_name":"jLkXziEgD4","employee_salary":"87168","employee_age":"96","profile_image":""},{"id":"84165","employee_name":"UpdateCRUD","employee_salary":"585000","employee_age":"23","profile_image":""},{"id":"84283","employee_name":"UpdatCRUD","employee_salary":"585000","employee_age":"23","profile_image":""},{"id":"84311","employee_name":"EUpdate","employee_salary":"585000","employee_age":"23","profile_image":""},{"id":"84330","employee_name":"EeUpdate","employee_salary":"123","employee_age":"23","profile_image":""},{"id":"84355","employee_name":"EmUpdate","employee_salary":"585000","employee_age":"23","profile_image":""},{"id":"84378","employee_name":"EmpUpdate","employee_salary":"585000","employee_age":"23","profile_image":""},{"id":"84396","employee_name":"EmppUpdate","employee_salary":"123","employee_age":"23","profile_image":""},{"id":"84559","employee_name":"johnson","employee_salary":"1234564789","employee_age":"23","profile_image":""},{"id":"84641","employee_name":"johnson1","employee_salary":"1234564789","employee_age":"23","profile_image":""},{"id":"84690","employee_name":"Sjnd","employee_salary":"70000","employee_age":"40","profile_image":""},{"id":"84703","employee_name":"Sjndd","employee_salary":"70000","employee_age":"40","profile_image":""},{"id":"84716","employee_name":"samay 2b059ba2-a9e6-4dc9-a9fe-7ee620cd8b91 ","employee_salary":"123","employee_age":"33","profile_image":""},{"id":"84970","employee_name":"asd1","employee_salary":"10000","employee_age":"25","profile_image":""},{"id":"84971","employee_name":"asd2","employee_salary":"15000","employee_age":"27","profile_image":""},{"id":"84972","employee_name":"asd3","employee_salary":"17000","employee_age":"26","profile_image":""},{"id":"85028","employee_name":"abcxyz","employee_salary":"64321","employee_age":"30","profile_image":""},{"id":"85110","employee_name":"johnson12","employee_salary":"1234564789","employee_age":"23","profile_image":""},{"id":"85200","employee_name":"Nikolay1_1","employee_salary":"550","employee_age":"22","profile_image":""},{"id":"85208","employee_name":"johnson3","employee_salary":"123","employee_age":"23","profile_image":""},{"id":"85425","employee_name":"Brijesh","employee_salary":"30000","employee_age":"30","profile_image":""},{"id":"85426","employee_name":"Lakshmi","employee_salary":"40000","employee_age":"40","profile_image":""},{"id":"85469","employee_name":"abc01","employee_salary":"0","employee_age":"0","profile_image":""},{"id":"85470","employee_name":"abc02","employee_salary":"0","employee_age":"0","profile_image":""},{"id":"85471","employee_name":"abc03","employee_salary":"0","employee_age":"0","profile_image":""},{"id":"85472","employee_name":"abc04","employee_salary":"0","employee_age":"0","profile_image":""},{"id":"85474","employee_name":"abc05","employee_salary":"0","employee_age":"0","profile_image":""},{"id":"85480","employee_name":"DDD","employee_salary":"20000","employee_age":"20","profile_image":""},{"id":"85481","employee_name":"EEE","employee_salary":"30000","employee_age":"30","profile_image":""},{"id":"85484","employee_name":"FFF","employee_salary":"40000","employee_age":"40","profile_image":""},{"id":"85652","employee_name":"arusasns;s111","employee_salary":"0","employee_age":"0","profile_image":""},{"id":"85662","employee_name":"arusasssns;s111","employee_salary":"0","employee_age":"0","profile_image":""},{"id":"85696","employee_name":"ERS","employee_salary":"20000","employee_age":"20","profile_image":""},{"id":"85697","employee_name":"RTS","employee_salary":"30000","employee_age":"30","profile_image":""},{"id":"85698","employee_name":"FDS","employee_salary":"40000","employee_age":"40","profile_image":""},{"id":"85705","employee_name":"arusassssns;s111","employee_salary":"0","employee_age":"0","profile_image":""},{"id":"85808","employee_name":"EDC","employee_salary":"20000","employee_age":"20","profile_image":""},{"id":"85809","employee_name":"20000","employee_salary":"20","employee_age":"0","profile_image":""},{"id":"85810","employee_name":"20","employee_salary":"0","employee_age":"30000","profile_image":""},{"id":"85811","employee_name":"SDS","employee_salary":"30000","employee_age":"30","profile_image":""},{"id":"85815","employee_name":"30000","employee_salary":"30","employee_age":"0","profile_image":""},{"id":"85816","employee_name":"30","employee_salary":"0","employee_age":"40000","profile_image":""},{"id":"85817","employee_name":"DSC","employee_salary":"40000","employee_age":"40","profile_image":""},{"id":"85818","employee_name":"40000","employee_salary":"40","employee_age":"0","profile_image":""},{"id":"85846","employee_name":"AS1","employee_salary":"20000","employee_age":"20","profile_image":""},{"id":"85847","employee_name":"AS2","employee_salary":"30000","employee_age":"30","profile_image":""},{"id":"85848","employee_name":"AS3","employee_salary":"40000","employee_age":"40","profile_image":""},{"id":"85849","employee_name":"AS4","employee_salary":"0","employee_age":"0","profile_image":""},{"id":"85865","employee_name":"Iryna Shurda","employee_salary":"9000","employee_age":"29","profile_image":""},{"id":"85896","employee_name":"djfilejireiih","employee_salary":"123","employee_age":"23","profile_image":""},{"id":"85930","employee_name":"djfilejireiihss","employee_salary":"123","employee_age":"23","profile_image":""},{"id":"85957","employee_name":"djfilejirecciihss","employee_salary":"123","employee_age":"23","profile_image":""},{"id":"85982","employee_name":"djfilddejirecciihss","employee_salary":"123","employee_age":"23","profile_image":""},{"id":"86006","employee_name":"AS5","employee_salary":"20000","employee_age":"20","profile_image":""},{"id":"86007","employee_name":"AS6","employee_salary":"30000","employee_age":"30","profile_image":""},{"id":"86008","employee_name":"AS7","employee_salary":"40000","employee_age":"40","profile_image":""},{"id":"86044","employee_name":"AS9","employee_salary":"20000","employee_age":"20","profile_image":""},{"id":"86045","employee_name":"AS10","employee_salary":"30000","employee_age":"30","profile_image":""},{"id":"86046","employee_name":"AS11","employee_salary":"40000","employee_age":"40","profile_image":""},{"id":"86047","employee_name":"AS12","employee_salary":"0","employee_age":"0","profile_image":""},{"id":"86088","employee_name":"[object HTMLInputElement]","employee_salary":"123","employee_age":"23","profile_image":""},{"id":"86221","employee_name":"samay f5e96907-2f76-4f3f-94d6-0be1ce71c90f ","employee_salary":"123","employee_age":"33","profile_image":""},{"id":"86225","employee_name":"5445fddf5f","employee_salary":"123","employee_age":"23","profile_image":""},{"id":"86293","employee_name":"4444","employee_salary":"123","employee_age":"23","profile_image":""},{"id":"86297","employee_name":"5555","employee_salary":"123","employee_age":"23","profile_image":""},{"id":"86310","employee_name":"5.5555555555556E+23","employee_salary":"123","employee_age":"23","profile_image":""},{"id":"86357","employee_name":"4444555555555555555","employee_salary":"123","employee_age":"23","profile_image":""},{"id":"86364","employee_name":"5555533","employee_salary":"123","employee_age":"23","profile_image":""},{"id":"86510","employee_name":"33322","employee_salary":"123","employee_age":"23","profile_image":""},{"id":"87139","employee_name":"samay 0d384cd3-4b6c-41d3-86a8-a01969c8d25e ","employee_salary":"123","employee_age":"33","profile_image":""},{"id":"87299","employee_name":"Yuliia Turovska","employee_salary":"3000","employee_age":"25","profile_image":""},{"id":"87318","employee_name":"Jose Baptist","employee_salary":"50000","employee_age":"23","profile_image":""},{"id":"87524","employee_name":"Employee","employee_salary":"1234","employee_age":"23","profile_image":""},{"id":"88144","employee_name":"samay f2fd0078-3f7d-46e0-8788-d94cb4c8e6b7 ","employee_salary":"123","employee_age":"33","profile_image":""},{"id":"88149","employee_name":"391bd730-4e4c-4c97-a953-34252435243","employee_salary":"55000","employee_age":"28","profile_image":""},{"id":"88468","employee_name":"NNN","employee_salary":"25000","employee_age":"20","profile_image":""},{"id":"88492","employee_name":"MNNN","employee_salary":"25000","employee_age":"20","profile_image":""},{"id":"88554","employee_name":"MMNNN","employee_salary":"25000","employee_age":"20","profile_image":""},{"id":"89302","employee_name":"samay 9c573198-7863-4264-8c19-1b368961ed6f ","employee_salary":"123","employee_age":"33","profile_image":""},{"id":"90127","employee_name":"AS14","employee_salary":"20000","employee_age":"20","profile_image":""},{"id":"90128","employee_name":"AS15","employee_salary":"30000","employee_age":"30","profile_image":""},{"id":"90129","employee_name":"AS16","employee_salary":"40000","employee_age":"40","profile_image":""},{"id":"90130","employee_name":"AS17","employee_salary":"0","employee_age":"0","profile_image":""},{"id":"90137","employee_name":"Josef","employee_salary":"3000","employee_age":"40","profile_image":""},{"id":"90168","employee_name":"AS20","employee_salary":"20000","employee_age":"20","profile_image":""},{"id":"90169","employee_name":"AS21","employee_salary":"30000","employee_age":"30","profile_image":""},{"id":"90170","employee_name":"AS22","employee_salary":"40000","employee_age":"40","profile_image":""},{"id":"90174","employee_name":"AS23","employee_salary":"0","employee_age":"0","profile_image":""},{"id":"90175","employee_name":"AS24","employee_salary":"40000","employee_age":"40","profile_image":""},{"id":"90176","employee_name":"AS25","employee_salary":"40000","employee_age":"40","profile_image":""},{"id":"90177","employee_name":"AS26","employee_salary":"40000","employee_age":"40","profile_image":""},{"id":"90178","employee_name":"AS27","employee_salary":"40000","employee_age":"40","profile_image":""},{"id":"90179","employee_name":"AS28","employee_salary":"40000","employee_age":"40","profile_image":""},{"id":"90183","employee_name":"AS29","employee_salary":"40000","employee_age":"40","profile_image":""},{"id":"90184","employee_name":"AS30","employee_salary":"40000","employee_age":"40","profile_image":""},{"id":"90185","employee_name":"AS31","employee_salary":"40000","employee_age":"40","profile_image":
[...]
ee_salary":"1248","employee_age":"45","profile_image":""},{"id":"187243","employee_name":"Channel1.Device1.Tag1_1257","employee_salary":"1257","employee_age":"45","profile_image":""},{"id":"187250","employee_name":"Channel1.Device1.Tag1_1276","employee_salary":"1276","employee_age":"45","profile_image":""},{"id":"187251","employee_name":"Channel1.Device1.Tag1_1277","employee_salary":"1277","employee_age":"45","profile_image":""},{"id":"187252","employee_name":"Channel1.Device1.Tag1_1278","employee_salary":"1278","employee_age":"45","profile_image":""},{"id":"187254","employee_name":"Channel1.Device1.Tag1_1279","employee_salary":"1279","employee_age":"45","profile_image":""},{"id":"187257","employee_name":"Channel1.Device1.Tag1_1280","employee_salary":"1280","employee_age":"45","profile_image":""},{"id":"187258","employee_name":"Channel1.Device1.Tag1_1281","employee_salary":"1281","employee_age":"45","profile_image":""},{"id":"187259","employee_name":"Channel1.Device1.Tag1_1286","employee_salary":"1286","employee_age":"45","profile_image":""},{"id":"187260","employee_name":"Channel1.Device1.Tag1_1287","employee_salary":"1287","employee_age":"45","profile_image":""},{"id":"187261","employee_name":"Channel1.Device1.Tag1_1288","employee_salary":"1288","employee_age":"45","profile_image":""},{"id":"187265","employee_name":"Channel1.Device1.Tag1_1296","employee_salary":"1296","employee_age":"45","profile_image":""},{"id":"187266","employee_name":"Channel1.Device1.Tag1_1297","employee_salary":"1297","employee_age":"45","profile_image":""},{"id":"187267","employee_name":"Channel1.Device1.Tag1_1298","employee_salary":"1298","employee_age":"45","profile_image":""},{"id":"187271","employee_name":"Channel1.Device1.Tag1_1306","employee_salary":"1306","employee_age":"45","profile_image":""},{"id":"187272","employee_name":"Channel1.Device1.Tag1_1307","employee_salary":"1307","employee_age":"45","profile_image":""},{"id":"187273","employee_name":"Channel1.Device1.Tag1_1308","employee_salary":"1308","employee_age":"45","profile_image":""},{"id":"187275","employee_name":"Channel1.Device1.Tag1_1309","employee_salary":"1309","employee_age":"45","profile_image":""},{"id":"187278","employee_name":"Channel1.Device1.Tag1_1310","employee_salary":"1310","employee_age":"45","profile_image":""},{"id":"187279","employee_name":"Channel1.Device1.Tag1_1316","employee_salary":"1316","employee_age":"45","profile_image":""},{"id":"187283","employee_name":"Channel1.Device1.Tag1_1326","employee_salary":"1326","employee_age":"45","profile_image":""},{"id":"187287","employee_name":"Channel1.Device1.Tag1_1336","employee_salary":"1336","employee_age":"45","profile_image":""},{"id":"187294","employee_name":"Channel1.Device1.Tag1_1355","employee_salary":"1355","employee_age":"45","profile_image":""},{"id":"187295","employee_name":"Channel1.Device1.Tag1_1356","employee_salary":"1356","employee_age":"45","profile_image":""},{"id":"187296","employee_name":"Channel1.Device1.Tag1_1357","employee_salary":"1357","employee_age":"45","profile_image":""},{"id":"187300","employee_name":"Channel1.Device1.Tag1_1365","employee_salary":"1365","employee_age":"45","profile_image":""},{"id":"187301","employee_name":"Channel1.Device1.Tag1_1366","employee_salary":"1366","employee_age":"45","profile_image":""},{"id":"187302","employee_name":"Channel1.Device1.Tag1_1367","employee_salary":"1367","employee_age":"45","profile_image":""},{"id":"187306","employee_name":"Channel1.Device1.Tag1_1375","employee_salary":"1375","employee_age":"45","profile_image":""},{"id":"187307","employee_name":"Channel1.Device1.Tag1_1376","employee_salary":"1376","employee_age":"45","profile_image":""},{"id":"187308","employee_name":"Channel1.Device1.Tag1_1377","employee_salary":"1377","employee_age":"45","profile_image":""},{"id":"187312","employee_name":"lifas","employee_salary":"123","employee_age":"23","profile_image":""},{"id":"187313","employee_name":"Channel1.Device1.Tag1_1385","employee_salary":"1385","employee_age":"45","profile_image":""},{"id":"187314","employee_name":"Channel1.Device1.Tag1_1386","employee_salary":"1386","employee_age":"45","profile_image":""},{"id":"187318","employee_name":"Channel1.Device1.Tag1_1395","employee_salary":"1395","employee_age":"45","profile_image":""},{"id":"187322","employee_name":"Channel1.Device1.Tag1_1405","employee_salary":"1405","employee_age":"45","profile_image":""},{"id":"187329","employee_name":"Channel1.Device1.Tag1_1424","employee_salary":"1424","employee_age":"45","profile_image":""},{"id":"187330","employee_name":"Channel1.Device1.Tag1_1425","employee_salary":"1425","employee_age":"45","profile_image":""},{"id":"187331","employee_name":"Channel1.Device1.Tag1_1426","employee_salary":"1426","employee_age":"45","profile_image":""},{"id":"187332","employee_name":"Channel1.Device1.Tag1_1427","employee_salary":"1427","employee_age":"45","profile_image":""},{"id":"187336","employee_name":"Channel1.Device1.Tag1_1434","employee_salary":"1434","employee_age":"45","profile_image":""},{"id":"187337","employee_name":"Channel1.Device1.Tag1_1435","employee_salary":"1435","employee_age":"45","profile_image":""},{"id":"187338","employee_name":"Channel1.Device1.Tag1_1436","employee_salary":"1436","employee_age":"45","profile_image":""},{"id":"187342","employee_name":"Channel1.Device1.Tag1_1444","employee_salary":"1444","employee_age":"45","profile_image":""},{"id":"187343","employee_name":"Channel1.Device1.Tag1_1445","employee_salary":"1445","employee_age":"45","profile_image":""},{"id":"187344","employee_name":"Channel1.Device1.Tag1_1446","employee_salary":"1446","employee_age":"45","profile_image":""},{"id":"187348","employee_name":"Channel1.Device1.Tag1_1454","employee_salary":"1454","employee_age":"45","profile_image":""},{"id":"187349","employee_name":"Channel1.Device1.Tag1_1455","employee_salary":"1455","employee_age":"45","profile_image":""},{"id":"187353","employee_name":"Channel1.Device1.Tag1_1464","employee_salary":"1464","employee_age":"45","profile_image":""},{"id":"187354","employee_name":"Channel1.Device1.Tag1_1465","employee_salary":"1465","employee_age":"45","profile_image":""},{"id":"187358","employee_name":"Channel1.Device1.Tag1_1474","employee_salary":"1474","employee_age":"45","profile_image":""},{"id":"187365","employee_name":"Channel1.Device1.Tag1_1495","employee_salary":"1495","employee_age":"45","profile_image":""},{"id":"187369","employee_name":"Channel1.Device1.Tag1_1503","employee_salary":"1503","employee_age":"45","profile_image":""},{"id":"187370","employee_name":"Channel1.Device1.Tag1_1504","employee_salary":"1504","employee_age":"45","profile_image":""},{"id":"187371","employee_name":"Channel1.Device1.Tag1_1505","employee_salary":"1505","employee_age":"45","profile_image":""},{"id":"187375","employee_name":"Channel1.Device1.Tag1_1513","employee_salary":"1513","employee_age":"45","profile_image":""},{"id":"187376","employee_name":"Channel1.Device1.Tag1_1514","employee_salary":"1514","employee_age":"45","profile_image":""},{"id":"187377","employee_name":"Channel1.Device1.Tag1_1515","employee_salary":"1515","employee_age":"45","profile_image":""},{"id":"187381","employee_name":"Channel1.Device1.Tag1_1523","employee_salary":"1523","employee_age":"45","profile_image":""},{"id":"187382","employee_name":"Channel1.Device1.Tag1_1524","employee_salary":"1524","employee_age":"45","profile_image":""},{"id":"187386","employee_name":"Channel1.Device1.Tag1_1533","employee_salary":"1533","employee_age":"45","profile_image":""},{"id":"187387","employee_name":"Channel1.Device1.Tag1_1534","employee_salary":"1534","employee_age":"45","profile_image":""},{"id":"187391","employee_name":"Channel1.Device1.Tag1_1543","employee_salary":"1543","employee_age":"45","profile_image":""},{"id":"187395","employee_name":"Channel1.Device1.Tag1_1553","employee_salary":"1553","employee_age":"45","profile_image":""},{"id":"187399","employee_name":"Channel1.Device1.Tag1_1562","employee_salary":"1562","employee_age":"45","profile_image":""},{"id":"187400","employee_name":"Channel1.Device1.Tag1_1563","employee_salary":"1563","employee_age":"45","profile_image":""},{"id":"187401","employee_name":"Channel1.Device1.Tag1_1564","employee_salary":"1564","employee_age":"45","profile_image":""},{"id":"187402","employee_name":"Channel1.Device1.Tag1_1565","employee_salary":"1565","employee_age":"45","profile_image":""},{"id":"187406","employee_name":"Channel1.Device1.Tag1_1572","employee_salary":"1572","employee_age":"45","profile_image":""},{"id":"187407","employee_name":"Channel1.Device1.Tag1_1573","employee_salary":"1573","employee_age":"45","profile_image":""},{"id":"187408","employee_name":"Channel1.Device1.Tag1_1574","employee_salary":"1574","employee_age":"45","profile_image":""},{"id":"187412","employee_name":"Channel1.Device1.Tag1_1582","employee_salary":"1582","employee_age":"45","profile_image":""},{"id":"187413","employee_name":"Channel1.Device1.Tag1_1583","employee_salary":"1583","employee_age":"45","profile_image":""},{"id":"187414","employee_name":"Channel1.Device1.Tag1_1584","employee_salary":"1584","employee_age":"45","profile_image":""},{"id":"187577","employee_name":"a","employee_salary":"4","employee_age":"7","profile_image":""},{"id":"187744","employee_name":"JohanL","employee_salary":"123","employee_age":"37","profile_image":""},{"id":"187842","employee_name":"test12424242342p4002","employee_salary":"123","employee_age":"23","profile_image":""},{"id":"187972","employee_name":"1211","employee_salary":"0","employee_age":"0","profile_image":""},{"id":"188101","employee_name":"Anova","employee_salary":"50000","employee_age":"22","profile_image":""},{"id":"188192","employee_name":"aa","employee_salary":"11","employee_age":"44","profile_image":""},{"id":"188228","employee_name":"LOPUH32432","employee_salary":"0","employee_age":"0","profile_image":""},{"id":"188229","employee_name":"RAHIIT56765","employee_salary":"0","employee_age":"0","profile_image":""},{"id":"188231","employee_name":"IDIOT4234243","employee_salary":"0","employee_age":"0","profile_image":""},{"id":"188234","employee_name":"DODIK765665","employee_salary":"0","employee_age":"0","profile_image":""},{"id":"188235","employee_name":"KOZEL543454","employee_salary":"0","employee_age":"0","profile_image":""},{"id":"188298","employee_name":"asfds","employee_salary":"432","employee_age":"2342","profile_image":""},{"id":"188335","employee_name":"V90tix4g7p","employee_salary":"100","employee_age":"20","profile_image":""},{"id":"188336","employee_name":"Apj99z1jtn","employee_salary":"100","employee_age":"20","profile_image":""},{"id":"188339","employee_name":"Ev0c1sqnz1","employee_salary":"200","employee_age":"21","profile_image":""},{"id":"188342","employee_name":"N6bwb2gv58","employee_salary":"100","employee_age":"20","profile_image":""},{"id":"188359","employee_name":"sada","employee_salary":"0","employee_age":"0","profile_image":""},{"id":"188378","employee_name":"Lukasz32589","employee_salary":"30000","employee_age":"35","profile_image":""},{"id":"188379","employee_name":"Marta32589","employee_salary":"9200","employee_age":"21","profile_image":""},{"id":"188380","employee_name":"Filip32589","employee_salary":"54345","employee_age":"44","profile_image":""},{"id":"188381","employee_name":"Mariusz32589","employee_salary":"4433","employee_age":"29","profile_image":""},{"id":"188382","employee_name":"Michal32597","employee_salary":"150000","employee_age":"32","profile_image":""},{"id":"188386","employee_name":"Karol32599","employee_salary":"150000","employee_age":"32","profile_image":""},{"id":"188387","employee_name":"MichalUpd32600","employee_salary":"1100000","employee_age":"66","profile_image":""},{"id":"188421","employee_name":"ASDQWE","employee_salary":"99000","employee_age":"18","profile_image":""},{"id":"188578","employee_name":"dsfdsf","employee_salary":"343","employee_age":"3434","profile_image":""},{"id":"188630","employee_name":"dsff","employee_salary":"0","employee_age":"0","profile_image":""},{"id":"188691","employee_name":"dsfd","employee_salary":"0","employee_age":"0","profile_image":""},{"id":"188716","employee_name":"dsfds","employee_salary":"34","employee_age":"34","profile_image":""},{"id":"188777","employee_name":"werwrer","employee_salary":"434","employee_age":"34","profile_image":""},{"id":"188801","employee_name":"mmmmm","employee_salary":"22","employee_age":"222","profile_image":""},{"id":"188853","employee_name":"Manish06\/11\/19 13:58:41","employee_salary":"10000","employee_age":"25","profile_image":""},{"id":"188947","employee_name":"fsdsd","employee_salary":"0","employee_age":"0","profile_image":""},{"id":"188966","employee_name":"sadsa","employee_salary":"0","employee_age":"0","profile_image":""},{"id":"189018","employee_name":"asf","employee_salary":"0","employee_age":"0","profile_image":""},{"id":"189046","employee_name":"dfdsf","employee_salary":"0","employee_age":"0","profile_image":""},{"id":"189047","employee_name":"mario","employee_salary":"30000","employee_age":"23","profile_image":""},{"id":"189054","employee_name":"asdsd","employee_salary":"0","employee_age":"0","profile_image":""},{"id":"189075","employee_name":"marion","employee_salary":"30000","employee_age":"23","profile_image":""},{"id":"189131","employee_name":"iukjhg","employee_salary":"769","employee_age":"2234","profile_image":""},{"id":"189176","employee_name":"aaaaa","employee_salary":"0","employee_age":"0","profile_image":""},{"id":"189264","employee_name":"jjj","employee_salary":"0","employee_age":"0","profile_image":""},{"id":"189265","employee_name":"marionnn","employee_salary":"30000","employee_age":"40","profile_image":""},{"id":"189587","employee_name":"testGCSHHH","employee_salary":"123","employee_age":"23","profile_image":""},{"id":"189649","employee_name":"Uncle Ben","employee_salary":"5000","employee_age":"57","profile_image":""},{"id":"189677","employee_name":"Thomas1","employee_salary":"25000","employee_age":"28","profile_image":""},{"id":"189706","employee_name":"Boss","employee_salary":"500000","employee_age":"23","profile_image":""},{"id":"189713","employee_name":"Student","employee_salary":"100","employee_age":"18","profile_image":""},{"id":"189727","employee_name":"Genius","employee_salary":"900000","employee_age":"32","profile_image":""},{"id":"189730","employee_name":"ysGn","employee_salary":"600","employee_age":"0","profile_image":""},{"id":"189731","employee_name":"jsKL","employee_salary":"989","employee_age":"0","profile_image":""},{"id":"189732","employee_name":"gxTy","employee_salary":"577","employee_age":"0","profile_image":""},{"id":"189733","employee_name":"xxFA","employee_salary":"381","employee_age":"0","profile_image":""},{"id":"189802","employee_name":"Goga","employee_salary":"100","employee_age":"23","profile_image":""},{"id":"189836","employee_name":"Thomas9","employee_salary":"25000","employee_age":"28","profile_image":""},{"id":"189855","employee_name":"HelloEmids","employee_salary":"2345","employee_age":"23","profile_image":""},{"id":"189962","employee_name":"Thomas10","employee_salary":"25000","employee_age":"28","profile_image":""},{"id":"190003","employee_name":"Thomas11","employee_salary":"25000","employee_age":"28","profile_image":""},{"id":"190021","employee_name":"Thomas12","employee_salary":"25000","employee_age":"28","profile_image":""},{"id":"190035","employee_name":"Thomas13","employee_salary":"25000","employee_age":"29","profile_image":""},{"id":"190051","employee_name":"Thomas14","employee_salary":"25000","employee_age":"28","profile_image":""},{"id":"190061","employee_name":"Thomas16","employee_salary":"25000","employee_age":"29","profile_image":""},{"id":"190083","employee_name":"Johan","employee_salary":"20","employee_age":"100","profile_image":""},{"id":"190087","employee_name":"rabe3","employee_salary":"10","employee_age":"40","profile_image":""},{"id":"190185","employee_name":"Manish06\/11\/19 15:09:36","employee_salary":"10000","employee_age":"25","profile_image":""}]
]]></system-out>
    <system-err><![CDATA[Nov 06, 2019 3:09:40 PM org.apache.http.client.protocol.ResponseProcessCookies processCookies
WARNING: Invalid cookie header: "Set-Cookie: ezoadgid_133674=-1; Path=/; Domain=restapiexample.com; Expires=Wed, 06 Nov 2019 10:09:40 UTC". Invalid 'expires' attribute: Wed, 06 Nov 2019 10:09:40 UTC
Nov 06, 2019 3:09:40 PM org.apache.http.client.protocol.ResponseProcessCookies processCookies
WARNING: Invalid cookie header: "Set-Cookie: ezoref_133674=; Path=/; Domain=restapiexample.com; Expires=Wed, 06 Nov 2019 11:39:40 UTC". Invalid 'expires' attribute: Wed, 06 Nov 2019 11:39:40 UTC
Nov 06, 2019 3:09:40 PM org.apache.http.client.protocol.ResponseProcessCookies processCookies
WARNING: Invalid cookie header: "Set-Cookie: ezoab_133674=mod20-c; Path=/; Domain=restapiexample.com; Expires=Wed, 06 Nov 2019 11:39:40 UTC". Invalid 'expires' attribute: Wed, 06 Nov 2019 11:39:40 UTC
Nov 06, 2019 3:09:40 PM org.apache.http.client.protocol.ResponseProcessCookies processCookies
WARNING: Invalid cookie header: "Set-Cookie: active_template::133674=pub_site.1573033180; Path=/; Domain=restapiexample.com; Expires=Fri, 08 Nov 2019 09:39:40 UTC". Invalid 'expires' attribute: Fri, 08 Nov 2019 09:39:40 UTC
Nov 06, 2019 3:09:40 PM org.apache.http.client.protocol.ResponseProcessCookies processCookies
WARNING: Invalid cookie header: "Set-Cookie: ezCMPCCS=true; Path=/; Domain=restapiexample.com; Expires=Fri, 06 Nov 2020 09:39:40 GMT". Invalid 'expires' attribute: Fri, 06 Nov 2020 09:39:40 GMT
]]></system-err>
  </testcase>
  <testcase name="getCallTestWithoutHeader" classname="org.restapi.test.GetAPITest" time="1.326">
    <failure message="A JSONObject text must begin with &apos;{&apos; at 1 [character 2 line 1]" type="org.json.JSONException"><![CDATA[org.json.JSONException: A JSONObject text must begin with '{' at 1 [character 2 line 1]
	at org.json.JSONTokener.syntaxError(JSONTokener.java:433)
	at org.json.JSONObject.<init>(JSONObject.java:195)
	at org.json.JSONObject.<init>(JSONObject.java:319)
	at org.restapi.test.GetAPITest.getCallTestWithoutHeader(GetAPITest.java:58)
]]></failure>
    <system-out><![CDATA[URI is http://dummy.restapiexample.com/api/v1/employees
]]></system-out>
    <system-err><![CDATA[Nov 06, 2019 3:09:41 PM org.apache.http.client.protocol.ResponseProcessCookies processCookies
WARNING: Invalid cookie header: "Set-Cookie: ezoadgid_133674=-1; Path=/; Domain=restapiexample.com; Expires=Wed, 06 Nov 2019 10:09:41 UTC". Invalid 'expires' attribute: Wed, 06 Nov 2019 10:09:41 UTC
Nov 06, 2019 3:09:41 PM org.apache.http.client.protocol.ResponseProcessCookies processCookies
WARNING: Invalid cookie header: "Set-Cookie: ezoref_133674=; Path=/; Domain=restapiexample.com; Expires=Wed, 06 Nov 2019 11:39:41 UTC". Invalid 'expires' attribute: Wed, 06 Nov 2019 11:39:41 UTC
Nov 06, 2019 3:09:41 PM org.apache.http.client.protocol.ResponseProcessCookies processCookies
WARNING: Invalid cookie header: "Set-Cookie: ezoab_133674=mod61; Path=/; Domain=restapiexample.com; Expires=Wed, 06 Nov 2019 11:39:41 UTC". Invalid 'expires' attribute: Wed, 06 Nov 2019 11:39:41 UTC
Nov 06, 2019 3:09:41 PM org.apache.http.client.protocol.ResponseProcessCookies processCookies
WARNING: Invalid cookie header: "Set-Cookie: active_template::133674=pub_site.1573033181; Path=/; Domain=restapiexample.com; Expires=Fri, 08 Nov 2019 09:39:41 UTC". Invalid 'expires' attribute: Fri, 08 Nov 2019 09:39:41 UTC
Nov 06, 2019 3:09:41 PM org.apache.http.client.protocol.ResponseProcessCookies processCookies
WARNING: Invalid cookie header: "Set-Cookie: ezCMPCCS=true; Path=/; Domain=restapiexample.com; Expires=Fri, 06 Nov 2020 09:39:42 GMT". Invalid 'expires' attribute: Fri, 06 Nov 2020 09:39:42 GMT
]]></system-err>
  </testcase>
  <testcase name="deleteCall" classname="org.restapi.test.DeleteAPITest" time="0.825"/>
  <testcase name="deleteCallWithHeader" classname="org.restapi.test.DeleteAPITest" time="0.846"/>
</testsuite>